{"numTotalTestSuites":14,"numPassedTestSuites":14,"numFailedTestSuites":0,"numPendingTestSuites":0,"numTotalTests":34,"numPassedTests":23,"numFailedTests":0,"numPendingTests":11,"numTodoTests":0,"snapshot":{"added":0,"failure":false,"filesAdded":0,"filesRemoved":0,"filesRemovedList":[],"filesUnmatched":0,"filesUpdated":0,"matched":0,"total":0,"unchecked":0,"uncheckedKeysByFile":[],"unmatched":0,"updated":0,"didUpdate":false},"startTime":1761747858282,"success":true,"testResults":[{"assertionResults":[{"ancestorTitles":["AccountingAgent"],"fullName":"AccountingAgent should initialize correctly","status":"passed","title":"should initialize correctly","duration":2.17841599999997,"failureMessages":[],"location":{"line":28,"column":3},"meta":{}},{"ancestorTitles":["AccountingAgent"],"fullName":"AccountingAgent should get balance summary","status":"passed","title":"should get balance summary","duration":0.3342079999999896,"failureMessages":[],"location":{"line":35,"column":3},"meta":{}}],"startTime":1761747859036,"endTime":1761747859038.3342,"status":"passed","message":"","name":"/Users/ihab/Documents/GitHub/baro-ai/tests/accounting-agent.test.ts"},{"assertionResults":[{"ancestorTitles":["BalanceCommandHandler"],"fullName":"BalanceCommandHandler should handle balance command","status":"passed","title":"should handle balance command","duration":4.079708000000039,"failureMessages":[],"location":{"line":55,"column":3},"meta":{}},{"ancestorTitles":["HistoryCommandHandler"],"fullName":"HistoryCommandHandler should handle history command","status":"passed","title":"should handle history command","duration":1.9610830000000306,"failureMessages":[],"location":{"line":77,"column":3},"meta":{}},{"ancestorTitles":["AccountsCommandHandler"],"fullName":"AccountsCommandHandler should handle accounts command","status":"passed","title":"should handle accounts command","duration":0.702541999999994,"failureMessages":[],"location":{"line":97,"column":3},"meta":{}},{"ancestorTitles":["BudgetsCommandHandler"],"fullName":"BudgetsCommandHandler should handle budgets command","status":"passed","title":"should handle budgets command","duration":44.029832999999996,"failureMessages":[],"location":{"line":118,"column":3},"meta":{}}],"startTime":1761747858779,"endTime":1761747858831.0298,"status":"passed","message":"","name":"/Users/ihab/Documents/GitHub/baro-ai/tests/command-handlers.test.ts"},{"assertionResults":[{"ancestorTitles":["Transaction"],"fullName":"Transaction should create an income transaction","status":"passed","title":"should create an income transaction","duration":2.3772500000000036,"failureMessages":[],"location":{"line":10,"column":3},"meta":{}},{"ancestorTitles":["Transaction"],"fullName":"Transaction should create an expense transaction","status":"passed","title":"should create an expense transaction","duration":0.40787499999999,"failureMessages":[],"location":{"line":19,"column":3},"meta":{}},{"ancestorTitles":["Transaction"],"fullName":"Transaction should serialize and deserialize correctly","status":"passed","title":"should serialize and deserialize correctly","duration":1.655584000000033,"failureMessages":[],"location":{"line":28,"column":3},"meta":{}},{"ancestorTitles":["ExpenseTracker"],"fullName":"ExpenseTracker should start with zero balance","status":"passed","title":"should start with zero balance","duration":1.5588750000000005,"failureMessages":[],"location":{"line":48,"column":3},"meta":{}},{"ancestorTitles":["ExpenseTracker"],"fullName":"ExpenseTracker should add income correctly","status":"passed","title":"should add income correctly","duration":0.4008339999999748,"failureMessages":[],"location":{"line":52,"column":3},"meta":{}},{"ancestorTitles":["ExpenseTracker"],"fullName":"ExpenseTracker should add expense correctly","status":"passed","title":"should add expense correctly","duration":0.307124999999985,"failureMessages":[],"location":{"line":59,"column":3},"meta":{}},{"ancestorTitles":["ExpenseTracker"],"fullName":"ExpenseTracker should track balance correctly with multiple transactions","status":"passed","title":"should track balance correctly with multiple transactions","duration":0.18954100000001972,"failureMessages":[],"location":{"line":67,"column":3},"meta":{}},{"ancestorTitles":["ExpenseTracker"],"fullName":"ExpenseTracker should return recent transactions in correct order","status":"passed","title":"should return recent transactions in correct order","duration":24.287709000000007,"failureMessages":[],"location":{"line":76,"column":3},"meta":{}},{"ancestorTitles":["ExpenseTracker"],"fullName":"ExpenseTracker should get transactions by category","status":"passed","title":"should get transactions by category","duration":0.27895900000004303,"failureMessages":[],"location":{"line":90,"column":3},"meta":{}},{"ancestorTitles":["ExpenseTracker"],"fullName":"ExpenseTracker should get transactions by category","status":"passed","title":"should get transactions by category","duration":0.09362499999997453,"failureMessages":[],"location":{"line":99,"column":3},"meta":{}},{"ancestorTitles":["ExpenseTracker"],"fullName":"ExpenseTracker should export to CSV correctly","status":"passed","title":"should export to CSV correctly","duration":0.28449999999998,"failureMessages":[],"location":{"line":110,"column":3},"meta":{}},{"ancestorTitles":["ExpenseTracker"],"fullName":"ExpenseTracker should reset balance when transactions are cleared (manual)","status":"passed","title":"should reset balance when transactions are cleared (manual)","duration":0.8159999999999741,"failureMessages":[],"location":{"line":122,"column":3},"meta":{}}],"startTime":1761747858686,"endTime":1761747858719.816,"status":"passed","message":"","name":"/Users/ihab/Documents/GitHub/baro-ai/tests/expense-tracker.test.ts"},{"assertionResults":[{"ancestorTitles":["Integration: Complete Workflow"],"fullName":"Integration: Complete Workflow should handle a complete month of transactions","status":"passed","title":"should handle a complete month of transactions","duration":3.692707999999982,"failureMessages":[],"location":{"line":9,"column":3},"meta":{}},{"ancestorTitles":["Integration: Complete Workflow"],"fullName":"Integration: Complete Workflow should track balance correctly with mixed transactions","status":"passed","title":"should track balance correctly with mixed transactions","duration":1.8853750000000105,"failureMessages":[],"location":{"line":45,"column":3},"meta":{}},{"ancestorTitles":["Integration: Complete Workflow"],"fullName":"Integration: Complete Workflow should maintain transaction order (most recent first)","status":"passed","title":"should maintain transaction order (most recent first)","duration":25.49466700000005,"failureMessages":[],"location":{"line":79,"column":3},"meta":{}},{"ancestorTitles":["Integration: Complete Workflow"],"fullName":"Integration: Complete Workflow should handle empty state correctly","status":"passed","title":"should handle empty state correctly","duration":0.17804200000000492,"failureMessages":[],"location":{"line":94,"column":3},"meta":{}},{"ancestorTitles":["Integration: Complete Workflow"],"fullName":"Integration: Complete Workflow should track transactions correctly","status":"passed","title":"should track transactions correctly","duration":0.2639169999999922,"failureMessages":[],"location":{"line":106,"column":3},"meta":{}}],"startTime":1761747858687,"endTime":1761747858719.264,"status":"passed","message":"","name":"/Users/ihab/Documents/GitHub/baro-ai/tests/integration.test.ts"},{"assertionResults":[{"ancestorTitles":["PersistedExpenseTracker"],"fullName":"PersistedExpenseTracker should start with zero balance","status":"skipped","title":"should start with zero balance","failureMessages":[],"location":{"line":24,"column":3},"meta":{}},{"ancestorTitles":["PersistedExpenseTracker"],"fullName":"PersistedExpenseTracker should add income and persist","status":"skipped","title":"should add income and persist","failureMessages":[],"location":{"line":28,"column":3},"meta":{}},{"ancestorTitles":["PersistedExpenseTracker"],"fullName":"PersistedExpenseTracker should add expense and persist","status":"skipped","title":"should add expense and persist","failureMessages":[],"location":{"line":37,"column":3},"meta":{}},{"ancestorTitles":["PersistedExpenseTracker"],"fullName":"PersistedExpenseTracker should manage accounts","status":"skipped","title":"should manage accounts","failureMessages":[],"location":{"line":46,"column":3},"meta":{}},{"ancestorTitles":["PersistedExpenseTracker"],"fullName":"PersistedExpenseTracker should get recent transactions","status":"skipped","title":"should get recent transactions","failureMessages":[],"location":{"line":57,"column":3},"meta":{}},{"ancestorTitles":["PersistedExpenseTracker"],"fullName":"PersistedExpenseTracker should get categories","status":"skipped","title":"should get categories","failureMessages":[],"location":{"line":65,"column":3},"meta":{}},{"ancestorTitles":["PersistedExpenseTracker"],"fullName":"PersistedExpenseTracker should get transactions by month","status":"skipped","title":"should get transactions by month","failureMessages":[],"location":{"line":73,"column":3},"meta":{}},{"ancestorTitles":["PersistedExpenseTracker"],"fullName":"PersistedExpenseTracker should delete transaction","status":"skipped","title":"should delete transaction","failureMessages":[],"location":{"line":81,"column":3},"meta":{}},{"ancestorTitles":["PersistedExpenseTracker"],"fullName":"PersistedExpenseTracker should create and get budgets","status":"skipped","title":"should create and get budgets","failureMessages":[],"location":{"line":90,"column":3},"meta":{}},{"ancestorTitles":["PersistedExpenseTracker"],"fullName":"PersistedExpenseTracker should get budget status","status":"skipped","title":"should get budget status","failureMessages":[],"location":{"line":100,"column":3},"meta":{}},{"ancestorTitles":["PersistedExpenseTracker"],"fullName":"PersistedExpenseTracker should export to CSV","status":"skipped","title":"should export to CSV","failureMessages":[],"location":{"line":109,"column":3},"meta":{}}],"startTime":1761747858282,"endTime":1761747858282,"status":"passed","message":"","name":"/Users/ihab/Documents/GitHub/baro-ai/tests/persisted-tracker.test.ts"}],"coverageMap":{"/Users/ihab/Documents/GitHub/baro-ai/src/agent/accounting-agent.ts":{"path":"/Users/ihab/Documents/GitHub/baro-ai/src/agent/accounting-agent.ts","statementMap":{"0":{"start":{"line":16,"column":4},"end":{"line":16,"column":null}},"1":{"start":{"line":17,"column":4},"end":{"line":17,"column":null}},"2":{"start":{"line":20,"column":4},"end":{"line":36,"column":null}},"3":{"start":{"line":21,"column":6},"end":{"line":21,"column":null}},"4":{"start":{"line":22,"column":6},"end":{"line":27,"column":null}},"5":{"start":{"line":29,"column":6},"end":{"line":29,"column":null}},"6":{"start":{"line":30,"column":6},"end":{"line":35,"column":null}},"7":{"start":{"line":39,"column":4},"end":{"line":39,"column":null}},"8":{"start":{"line":108,"column":4},"end":{"line":159,"column":null}},"9":{"start":{"line":109,"column":6},"end":{"line":109,"column":null}},"10":{"start":{"line":112,"column":23},"end":{"line":115,"column":null}},"11":{"start":{"line":117,"column":23},"end":{"line":117,"column":null}},"12":{"start":{"line":120,"column":6},"end":{"line":120,"column":null}},"13":{"start":{"line":123,"column":27},"end":{"line":123,"column":null}},"14":{"start":{"line":124,"column":24},"end":{"line":124,"column":null}},"15":{"start":{"line":127,"column":6},"end":{"line":131,"column":null}},"16":{"start":{"line":128,"column":8},"end":{"line":128,"column":null}},"17":{"start":{"line":130,"column":8},"end":{"line":130,"column":null}},"18":{"start":{"line":134,"column":21},"end":{"line":134,"column":null}},"19":{"start":{"line":135,"column":6},"end":{"line":145,"column":null}},"20":{"start":{"line":137,"column":8},"end":{"line":144,"column":null}},"21":{"start":{"line":147,"column":18},"end":{"line":147,"column":null}},"22":{"start":{"line":148,"column":21},"end":{"line":148,"column":null}},"23":{"start":{"line":149,"column":6},"end":{"line":149,"column":null}},"24":{"start":{"line":152,"column":6},"end":{"line":152,"column":null}},"25":{"start":{"line":153,"column":6},"end":{"line":158,"column":null}},"26":{"start":{"line":163,"column":4},"end":{"line":169,"column":null}},"27":{"start":{"line":164,"column":6},"end":{"line":168,"column":null}},"28":{"start":{"line":171,"column":17},"end":{"line":171,"column":null}},"29":{"start":{"line":173,"column":24},"end":{"line":173,"column":null}},"30":{"start":{"line":174,"column":19},"end":{"line":174,"column":null}},"31":{"start":{"line":175,"column":24},"end":{"line":175,"column":null}},"32":{"start":{"line":176,"column":21},"end":{"line":176,"column":null}},"33":{"start":{"line":177,"column":21},"end":{"line":177,"column":null}},"34":{"start":{"line":180,"column":4},"end":{"line":186,"column":null}},"35":{"start":{"line":181,"column":6},"end":{"line":185,"column":null}},"36":{"start":{"line":191,"column":4},"end":{"line":203,"column":null}},"37":{"start":{"line":192,"column":6},"end":{"line":192,"column":null}},"38":{"start":{"line":193,"column":6},"end":{"line":193,"column":null}},"39":{"start":{"line":194,"column":4},"end":{"line":203,"column":null}},"40":{"start":{"line":195,"column":6},"end":{"line":195,"column":null}},"41":{"start":{"line":196,"column":6},"end":{"line":196,"column":null}},"42":{"start":{"line":198,"column":6},"end":{"line":202,"column":null}},"43":{"start":{"line":205,"column":4},"end":{"line":213,"column":null}},"44":{"start":{"line":217,"column":31},"end":{"line":217,"column":null}},"45":{"start":{"line":219,"column":4},"end":{"line":228,"column":null}},"46":{"start":{"line":221,"column":62},"end":{"line":227,"column":8}}},"fnMap":{"0":{"name":"(anonymous_0)","decl":{"start":{"line":15,"column":2},"end":{"line":15,"column":14}},"loc":{"start":{"line":15,"column":48},"end":{"line":105,"column":null}},"line":15},"1":{"name":"(anonymous_1)","decl":{"start":{"line":107,"column":8},"end":{"line":107,"column":23}},"loc":{"start":{"line":107,"column":54},"end":{"line":160,"column":null}},"line":107},"2":{"name":"(anonymous_2)","decl":{"start":{"line":162,"column":10},"end":{"line":162,"column":29}},"loc":{"start":{"line":162,"column":70},"end":{"line":214,"column":null}},"line":162},"3":{"name":"(anonymous_3)","decl":{"start":{"line":216,"column":2},"end":{"line":216,"column":27}},"loc":{"start":{"line":216,"column":27},"end":{"line":229,"column":null}},"line":216},"4":{"name":"(anonymous_4)","decl":{"start":{"line":221,"column":49},"end":{"line":221,"column":50}},"loc":{"start":{"line":221,"column":62},"end":{"line":227,"column":8}},"line":221}},"branchMap":{"0":{"loc":{"start":{"line":20,"column":4},"end":{"line":36,"column":null}},"type":"if","locations":[{"start":{"line":20,"column":4},"end":{"line":36,"column":null}},{"start":{"line":28,"column":11},"end":{"line":36,"column":null}}],"line":20},"1":{"loc":{"start":{"line":123,"column":27},"end":{"line":123,"column":null}},"type":"cond-expr","locations":[{"start":{"line":123,"column":66},"end":{"line":123,"column":85}},{"start":{"line":123,"column":85},"end":{"line":123,"column":null}}],"line":123},"2":{"loc":{"start":{"line":127,"column":6},"end":{"line":131,"column":null}},"type":"if","locations":[{"start":{"line":127,"column":6},"end":{"line":131,"column":null}},{"start":{"line":129,"column":13},"end":{"line":131,"column":null}}],"line":127},"3":{"loc":{"start":{"line":134,"column":21},"end":{"line":134,"column":null}},"type":"binary-expr","locations":[{"start":{"line":134,"column":21},"end":{"line":134,"column":42}},{"start":{"line":134,"column":42},"end":{"line":134,"column":null}}],"line":134},"4":{"loc":{"start":{"line":135,"column":6},"end":{"line":145,"column":null}},"type":"if","locations":[{"start":{"line":135,"column":6},"end":{"line":145,"column":null}},{"start":{},"end":{}}],"line":135},"5":{"loc":{"start":{"line":142,"column":18},"end":{"line":142,"column":null}},"type":"binary-expr","locations":[{"start":{"line":142,"column":18},"end":{"line":142,"column":38}},{"start":{"line":142,"column":38},"end":{"line":142,"column":null}}],"line":142},"6":{"loc":{"start":{"line":147,"column":18},"end":{"line":147,"column":null}},"type":"binary-expr","locations":[{"start":{"line":147,"column":18},"end":{"line":147,"column":38}},{"start":{"line":147,"column":38},"end":{"line":147,"column":null}}],"line":147},"7":{"loc":{"start":{"line":163,"column":4},"end":{"line":169,"column":null}},"type":"if","locations":[{"start":{"line":163,"column":4},"end":{"line":169,"column":null}},{"start":{},"end":{}}],"line":163},"8":{"loc":{"start":{"line":173,"column":24},"end":{"line":173,"column":null}},"type":"cond-expr","locations":[{"start":{"line":173,"column":58},"end":{"line":173,"column":109}},{"start":{"line":173,"column":109},"end":{"line":173,"column":null}}],"line":173},"9":{"loc":{"start":{"line":175,"column":24},"end":{"line":175,"column":null}},"type":"binary-expr","locations":[{"start":{"line":175,"column":24},"end":{"line":175,"column":44}},{"start":{"line":175,"column":44},"end":{"line":175,"column":null}}],"line":175},"10":{"loc":{"start":{"line":177,"column":21},"end":{"line":177,"column":null}},"type":"binary-expr","locations":[{"start":{"line":177,"column":21},"end":{"line":177,"column":37}},{"start":{"line":177,"column":37},"end":{"line":177,"column":75}},{"start":{"line":177,"column":75},"end":{"line":177,"column":null}}],"line":177},"11":{"loc":{"start":{"line":180,"column":4},"end":{"line":186,"column":null}},"type":"if","locations":[{"start":{"line":180,"column":4},"end":{"line":186,"column":null}},{"start":{},"end":{}}],"line":180},"12":{"loc":{"start":{"line":180,"column":8},"end":{"line":180,"column":49}},"type":"binary-expr","locations":[{"start":{"line":180,"column":8},"end":{"line":180,"column":19}},{"start":{"line":180,"column":19},"end":{"line":180,"column":36}},{"start":{"line":180,"column":36},"end":{"line":180,"column":49}}],"line":180},"13":{"loc":{"start":{"line":191,"column":4},"end":{"line":203,"column":null}},"type":"if","locations":[{"start":{"line":191,"column":4},"end":{"line":203,"column":null}},{"start":{"line":194,"column":4},"end":{"line":203,"column":null}}],"line":191},"14":{"loc":{"start":{"line":194,"column":4},"end":{"line":203,"column":null}},"type":"if","locations":[{"start":{"line":194,"column":4},"end":{"line":203,"column":null}},{"start":{"line":197,"column":11},"end":{"line":203,"column":null}}],"line":194}},"s":{"0":2,"1":2,"2":2,"3":2,"4":2,"5":0,"6":0,"7":2,"8":0,"9":0,"10":0,"11":0,"12":0,"13":0,"14":0,"15":0,"16":0,"17":0,"18":0,"19":0,"20":0,"21":0,"22":0,"23":0,"24":0,"25":0,"26":0,"27":0,"28":0,"29":0,"30":0,"31":0,"32":0,"33":0,"34":0,"35":0,"36":0,"37":0,"38":0,"39":0,"40":0,"41":0,"42":0,"43":0,"44":1,"45":1,"46":0},"f":{"0":2,"1":0,"2":0,"3":1,"4":0},"b":{"0":[2,0],"1":[0,0],"2":[0,0],"3":[0,0],"4":[0,0],"5":[0,0],"6":[0,0],"7":[0,0],"8":[0,0],"9":[0,0],"10":[0,0,0],"11":[0,0],"12":[0,0,0],"13":[0,0],"14":[0,0]},"meta":{"lastBranch":15,"lastFunction":5,"lastStatement":47,"seen":{"f:15:2:15:14":0,"s:16:4:16:Infinity":0,"s:17:4:17:Infinity":1,"b:20:4:36:Infinity:28:11:36:Infinity":0,"s:20:4:36:Infinity":2,"s:21:6:21:Infinity":3,"s:22:6:27:Infinity":4,"s:29:6:29:Infinity":5,"s:30:6:35:Infinity":6,"s:39:4:39:Infinity":7,"f:107:8:107:23":1,"s:108:4:159:Infinity":8,"s:109:6:109:Infinity":9,"s:112:23:115:Infinity":10,"s:117:23:117:Infinity":11,"s:120:6:120:Infinity":12,"s:123:27:123:Infinity":13,"b:123:66:123:85:123:85:123:Infinity":1,"s:124:24:124:Infinity":14,"b:127:6:131:Infinity:129:13:131:Infinity":2,"s:127:6:131:Infinity":15,"s:128:8:128:Infinity":16,"s:130:8:130:Infinity":17,"s:134:21:134:Infinity":18,"b:134:21:134:42:134:42:134:Infinity":3,"b:135:6:145:Infinity:undefined:undefined:undefined:undefined":4,"s:135:6:145:Infinity":19,"s:137:8:144:Infinity":20,"b:142:18:142:38:142:38:142:Infinity":5,"s:147:18:147:Infinity":21,"b:147:18:147:38:147:38:147:Infinity":6,"s:148:21:148:Infinity":22,"s:149:6:149:Infinity":23,"s:152:6:152:Infinity":24,"s:153:6:158:Infinity":25,"f:162:10:162:29":2,"b:163:4:169:Infinity:undefined:undefined:undefined:undefined":7,"s:163:4:169:Infinity":26,"s:164:6:168:Infinity":27,"s:171:17:171:Infinity":28,"s:173:24:173:Infinity":29,"b:173:58:173:109:173:109:173:Infinity":8,"s:174:19:174:Infinity":30,"s:175:24:175:Infinity":31,"b:175:24:175:44:175:44:175:Infinity":9,"s:176:21:176:Infinity":32,"s:177:21:177:Infinity":33,"b:177:21:177:37:177:37:177:75:177:75:177:Infinity":10,"b:180:4:186:Infinity:undefined:undefined:undefined:undefined":11,"s:180:4:186:Infinity":34,"b:180:8:180:19:180:19:180:36:180:36:180:49":12,"s:181:6:185:Infinity":35,"b:191:4:203:Infinity:194:4:203:Infinity":13,"s:191:4:203:Infinity":36,"s:192:6:192:Infinity":37,"s:193:6:193:Infinity":38,"b:194:4:203:Infinity:197:11:203:Infinity":14,"s:194:4:203:Infinity":39,"s:195:6:195:Infinity":40,"s:196:6:196:Infinity":41,"s:198:6:202:Infinity":42,"s:205:4:213:Infinity":43,"f:216:2:216:27":3,"s:217:31:217:Infinity":44,"s:219:4:228:Infinity":45,"f:221:49:221:50":4,"s:221:62:227:8":46}}},"/Users/ihab/Documents/GitHub/baro-ai/src/config/database.ts":{"path":"/Users/ihab/Documents/GitHub/baro-ai/src/config/database.ts","statementMap":{"0":{"start":{"line":7,"column":20},"end":{"line":7,"column":null}},"1":{"start":{"line":8,"column":20},"end":{"line":8,"column":null}},"2":{"start":{"line":10,"column":0},"end":{"line":12,"column":null}},"3":{"start":{"line":11,"column":2},"end":{"line":11,"column":null}},"4":{"start":{"line":15,"column":25},"end":{"line":21,"column":null}}},"fnMap":{},"branchMap":{"0":{"loc":{"start":{"line":7,"column":20},"end":{"line":7,"column":null}},"type":"binary-expr","locations":[{"start":{"line":7,"column":20},"end":{"line":7,"column":48}},{"start":{"line":7,"column":48},"end":{"line":7,"column":null}}],"line":7},"1":{"loc":{"start":{"line":8,"column":20},"end":{"line":8,"column":null}},"type":"binary-expr","locations":[{"start":{"line":8,"column":20},"end":{"line":8,"column":53}},{"start":{"line":8,"column":53},"end":{"line":8,"column":null}}],"line":8},"2":{"loc":{"start":{"line":10,"column":0},"end":{"line":12,"column":null}},"type":"if","locations":[{"start":{"line":10,"column":0},"end":{"line":12,"column":null}},{"start":{},"end":{}}],"line":10},"3":{"loc":{"start":{"line":10,"column":4},"end":{"line":10,"column":34}},"type":"binary-expr","locations":[{"start":{"line":10,"column":4},"end":{"line":10,"column":20}},{"start":{"line":10,"column":20},"end":{"line":10,"column":34}}],"line":10},"4":{"loc":{"start":{"line":15,"column":25},"end":{"line":21,"column":null}},"type":"cond-expr","locations":[{"start":{"line":15,"column":40},"end":{"line":20,"column":null}},{"start":{"line":21,"column":4},"end":{"line":21,"column":null}}],"line":15},"5":{"loc":{"start":{"line":15,"column":25},"end":{"line":15,"column":null}},"type":"binary-expr","locations":[{"start":{"line":15,"column":25},"end":{"line":15,"column":40}},{"start":{"line":15,"column":40},"end":{"line":15,"column":null}}],"line":15}},"s":{"0":1,"1":1,"2":1,"3":1,"4":1},"f":{},"b":{"0":[1,1],"1":[1,1],"2":[1,0],"3":[1,0],"4":[0,1],"5":[1,0]},"meta":{"lastBranch":6,"lastFunction":0,"lastStatement":5,"seen":{"s:7:20:7:Infinity":0,"b:7:20:7:48:7:48:7:Infinity":0,"s:8:20:8:Infinity":1,"b:8:20:8:53:8:53:8:Infinity":1,"b:10:0:12:Infinity:undefined:undefined:undefined:undefined":2,"s:10:0:12:Infinity":2,"b:10:4:10:20:10:20:10:34":3,"s:11:2:11:Infinity":3,"s:15:25:21:Infinity":4,"b:15:40:20:Infinity:21:4:21:Infinity":4,"b:15:25:15:40:15:40:15:Infinity":5}}},"/Users/ihab/Documents/GitHub/baro-ai/src/config/settings.ts":{"path":"/Users/ihab/Documents/GitHub/baro-ai/src/config/settings.ts","statementMap":{"0":{"start":{"line":7,"column":0},"end":{"line":7,"column":null}},"1":{"start":{"line":34,"column":4},"end":{"line":34,"column":null}},"2":{"start":{"line":37,"column":4},"end":{"line":37,"column":null}},"3":{"start":{"line":38,"column":4},"end":{"line":38,"column":null}},"4":{"start":{"line":41,"column":4},"end":{"line":41,"column":null}},"5":{"start":{"line":42,"column":4},"end":{"line":42,"column":null}},"6":{"start":{"line":45,"column":4},"end":{"line":45,"column":null}},"7":{"start":{"line":48,"column":4},"end":{"line":48,"column":null}},"8":{"start":{"line":49,"column":4},"end":{"line":49,"column":null}},"9":{"start":{"line":51,"column":4},"end":{"line":51,"column":null}},"10":{"start":{"line":52,"column":4},"end":{"line":52,"column":null}},"11":{"start":{"line":55,"column":4},"end":{"line":58,"column":null}},"12":{"start":{"line":56,"column":6},"end":{"line":56,"column":null}},"13":{"start":{"line":57,"column":6},"end":{"line":57,"column":null}},"14":{"start":{"line":61,"column":4},"end":{"line":65,"column":null}},"15":{"start":{"line":62,"column":6},"end":{"line":62,"column":null}},"16":{"start":{"line":63,"column":4},"end":{"line":65,"column":null}},"17":{"start":{"line":64,"column":6},"end":{"line":64,"column":null}}},"fnMap":{"0":{"name":"(anonymous_0)","decl":{"start":{"line":32,"column":2},"end":{"line":32,"column":16}},"loc":{"start":{"line":32,"column":16},"end":{"line":66,"column":null}},"line":32}},"branchMap":{"0":{"loc":{"start":{"line":34,"column":24},"end":{"line":34,"column":null}},"type":"binary-expr","locations":[{"start":{"line":34,"column":24},"end":{"line":34,"column":52}},{"start":{"line":34,"column":52},"end":{"line":34,"column":null}}],"line":34},"1":{"loc":{"start":{"line":37,"column":24},"end":{"line":37,"column":null}},"type":"binary-expr","locations":[{"start":{"line":37,"column":24},"end":{"line":37,"column":54}},{"start":{"line":37,"column":54},"end":{"line":37,"column":null}}],"line":37},"2":{"loc":{"start":{"line":38,"column":23},"end":{"line":38,"column":null}},"type":"binary-expr","locations":[{"start":{"line":38,"column":23},"end":{"line":38,"column":51}},{"start":{"line":38,"column":51},"end":{"line":38,"column":null}}],"line":38},"3":{"loc":{"start":{"line":41,"column":22},"end":{"line":41,"column":null}},"type":"binary-expr","locations":[{"start":{"line":41,"column":22},"end":{"line":41,"column":50}},{"start":{"line":41,"column":50},"end":{"line":41,"column":null}}],"line":41},"4":{"loc":{"start":{"line":42,"column":21},"end":{"line":42,"column":null}},"type":"binary-expr","locations":[{"start":{"line":42,"column":21},"end":{"line":42,"column":47}},{"start":{"line":42,"column":47},"end":{"line":42,"column":null}}],"line":42},"5":{"loc":{"start":{"line":45,"column":28},"end":{"line":45,"column":null}},"type":"binary-expr","locations":[{"start":{"line":45,"column":28},"end":{"line":45,"column":62}},{"start":{"line":45,"column":62},"end":{"line":45,"column":null}}],"line":45},"6":{"loc":{"start":{"line":48,"column":23},"end":{"line":48,"column":null}},"type":"binary-expr","locations":[{"start":{"line":48,"column":23},"end":{"line":48,"column":51}},{"start":{"line":48,"column":51},"end":{"line":48,"column":null}}],"line":48},"7":{"loc":{"start":{"line":49,"column":23},"end":{"line":49,"column":null}},"type":"binary-expr","locations":[{"start":{"line":49,"column":23},"end":{"line":49,"column":56}},{"start":{"line":49,"column":56},"end":{"line":49,"column":null}}],"line":49},"8":{"loc":{"start":{"line":51,"column":23},"end":{"line":51,"column":null}},"type":"binary-expr","locations":[{"start":{"line":51,"column":23},"end":{"line":51,"column":50}},{"start":{"line":51,"column":50},"end":{"line":51,"column":null}}],"line":51},"9":{"loc":{"start":{"line":52,"column":20},"end":{"line":52,"column":null}},"type":"binary-expr","locations":[{"start":{"line":52,"column":20},"end":{"line":52,"column":45}},{"start":{"line":52,"column":45},"end":{"line":52,"column":null}}],"line":52},"10":{"loc":{"start":{"line":55,"column":4},"end":{"line":58,"column":null}},"type":"if","locations":[{"start":{"line":55,"column":4},"end":{"line":58,"column":null}},{"start":{},"end":{}}],"line":55},"11":{"loc":{"start":{"line":55,"column":8},"end":{"line":55,"column":48}},"type":"binary-expr","locations":[{"start":{"line":55,"column":8},"end":{"line":55,"column":29}},{"start":{"line":55,"column":29},"end":{"line":55,"column":48}}],"line":55},"12":{"loc":{"start":{"line":61,"column":4},"end":{"line":65,"column":null}},"type":"if","locations":[{"start":{"line":61,"column":4},"end":{"line":65,"column":null}},{"start":{"line":63,"column":4},"end":{"line":65,"column":null}}],"line":61},"13":{"loc":{"start":{"line":61,"column":8},"end":{"line":61,"column":61}},"type":"binary-expr","locations":[{"start":{"line":61,"column":8},"end":{"line":61,"column":41}},{"start":{"line":61,"column":41},"end":{"line":61,"column":61}}],"line":61},"14":{"loc":{"start":{"line":63,"column":4},"end":{"line":65,"column":null}},"type":"if","locations":[{"start":{"line":63,"column":4},"end":{"line":65,"column":null}},{"start":{},"end":{}}],"line":63},"15":{"loc":{"start":{"line":63,"column":15},"end":{"line":63,"column":64}},"type":"binary-expr","locations":[{"start":{"line":63,"column":15},"end":{"line":63,"column":46}},{"start":{"line":63,"column":46},"end":{"line":63,"column":64}}],"line":63}},"s":{"0":1,"1":2,"2":2,"3":2,"4":2,"5":2,"6":2,"7":2,"8":2,"9":2,"10":2,"11":2,"12":0,"13":0,"14":2,"15":0,"16":2,"17":0},"f":{"0":2},"b":{"0":[2,0],"1":[2,2],"2":[2,2],"3":[2,0],"4":[2,0],"5":[2,0],"6":[2,0],"7":[2,0],"8":[2,2],"9":[2,2],"10":[0,2],"11":[2,2],"12":[0,2],"13":[2,0],"14":[0,2],"15":[2,2]},"meta":{"lastBranch":16,"lastFunction":1,"lastStatement":18,"seen":{"s:7:0:7:Infinity":0,"f:32:2:32:16":0,"s:34:4:34:Infinity":1,"b:34:24:34:52:34:52:34:Infinity":0,"s:37:4:37:Infinity":2,"b:37:24:37:54:37:54:37:Infinity":1,"s:38:4:38:Infinity":3,"b:38:23:38:51:38:51:38:Infinity":2,"s:41:4:41:Infinity":4,"b:41:22:41:50:41:50:41:Infinity":3,"s:42:4:42:Infinity":5,"b:42:21:42:47:42:47:42:Infinity":4,"s:45:4:45:Infinity":6,"b:45:28:45:62:45:62:45:Infinity":5,"s:48:4:48:Infinity":7,"b:48:23:48:51:48:51:48:Infinity":6,"s:49:4:49:Infinity":8,"b:49:23:49:56:49:56:49:Infinity":7,"s:51:4:51:Infinity":9,"b:51:23:51:50:51:50:51:Infinity":8,"s:52:4:52:Infinity":10,"b:52:20:52:45:52:45:52:Infinity":9,"b:55:4:58:Infinity:undefined:undefined:undefined:undefined":10,"s:55:4:58:Infinity":11,"b:55:8:55:29:55:29:55:48":11,"s:56:6:56:Infinity":12,"s:57:6:57:Infinity":13,"b:61:4:65:Infinity:63:4:65:Infinity":12,"s:61:4:65:Infinity":14,"b:61:8:61:41:61:41:61:61":13,"s:62:6:62:Infinity":15,"b:63:4:65:Infinity:undefined:undefined:undefined:undefined":14,"s:63:4:65:Infinity":16,"b:63:15:63:46:63:46:63:64":15,"s:64:6:64:Infinity":17}}},"/Users/ihab/Documents/GitHub/baro-ai/src/telegram/handlers/account-command-handlers.ts":{"path":"/Users/ihab/Documents/GitHub/baro-ai/src/telegram/handlers/account-command-handlers.ts","statementMap":{"0":{"start":{"line":11,"column":4},"end":{"line":11,"column":null}},"1":{"start":{"line":15,"column":21},"end":{"line":15,"column":null}},"2":{"start":{"line":16,"column":20},"end":{"line":16,"column":null}},"3":{"start":{"line":18,"column":4},"end":{"line":21,"column":null}},"4":{"start":{"line":27,"column":4},"end":{"line":27,"column":null}},"5":{"start":{"line":31,"column":17},"end":{"line":31,"column":null}},"6":{"start":{"line":33,"column":4},"end":{"line":38,"column":null}},"7":{"start":{"line":34,"column":6},"end":{"line":37,"column":null}},"8":{"start":{"line":40,"column":4},"end":{"line":40,"column":null}},"9":{"start":{"line":42,"column":4},"end":{"line":45,"column":null}},"10":{"start":{"line":51,"column":4},"end":{"line":51,"column":null}},"11":{"start":{"line":55,"column":17},"end":{"line":55,"column":null}},"12":{"start":{"line":57,"column":4},"end":{"line":62,"column":null}},"13":{"start":{"line":58,"column":6},"end":{"line":61,"column":null}},"14":{"start":{"line":64,"column":4},"end":{"line":64,"column":null}},"15":{"start":{"line":66,"column":4},"end":{"line":69,"column":null}}},"fnMap":{"0":{"name":"(anonymous_0)","decl":{"start":{"line":10,"column":2},"end":{"line":10,"column":12}},"loc":{"start":{"line":10,"column":53},"end":{"line":12,"column":null}},"line":10},"1":{"name":"(anonymous_1)","decl":{"start":{"line":14,"column":18},"end":{"line":14,"column":26}},"loc":{"start":{"line":14,"column":75},"end":{"line":22,"column":null}},"line":14},"2":{"name":"(anonymous_2)","decl":{"start":{"line":26,"column":2},"end":{"line":26,"column":12}},"loc":{"start":{"line":26,"column":53},"end":{"line":28,"column":null}},"line":26},"3":{"name":"(anonymous_3)","decl":{"start":{"line":30,"column":18},"end":{"line":30,"column":26}},"loc":{"start":{"line":30,"column":75},"end":{"line":46,"column":null}},"line":30},"4":{"name":"(anonymous_4)","decl":{"start":{"line":50,"column":2},"end":{"line":50,"column":12}},"loc":{"start":{"line":50,"column":53},"end":{"line":52,"column":null}},"line":50},"5":{"name":"(anonymous_5)","decl":{"start":{"line":54,"column":18},"end":{"line":54,"column":26}},"loc":{"start":{"line":54,"column":75},"end":{"line":70,"column":null}},"line":54}},"branchMap":{"0":{"loc":{"start":{"line":31,"column":24},"end":{"line":31,"column":48}},"type":"binary-expr","locations":[{"start":{"line":31,"column":24},"end":{"line":31,"column":46}},{"start":{"line":31,"column":46},"end":{"line":31,"column":48}}],"line":31},"1":{"loc":{"start":{"line":33,"column":4},"end":{"line":38,"column":null}},"type":"if","locations":[{"start":{"line":33,"column":4},"end":{"line":38,"column":null}},{"start":{},"end":{}}],"line":33},"2":{"loc":{"start":{"line":55,"column":24},"end":{"line":55,"column":48}},"type":"binary-expr","locations":[{"start":{"line":55,"column":24},"end":{"line":55,"column":46}},{"start":{"line":55,"column":46},"end":{"line":55,"column":48}}],"line":55},"3":{"loc":{"start":{"line":57,"column":4},"end":{"line":62,"column":null}},"type":"if","locations":[{"start":{"line":57,"column":4},"end":{"line":62,"column":null}},{"start":{},"end":{}}],"line":57}},"s":{"0":1,"1":1,"2":1,"3":1,"4":0,"5":0,"6":0,"7":0,"8":0,"9":0,"10":0,"11":0,"12":0,"13":0,"14":0,"15":0},"f":{"0":1,"1":1,"2":0,"3":0,"4":0,"5":0},"b":{"0":[0,0],"1":[0,0],"2":[0,0],"3":[0,0]},"meta":{"lastBranch":4,"lastFunction":6,"lastStatement":16,"seen":{"f:10:2:10:12":0,"s:11:4:11:Infinity":0,"f:14:18:14:26":1,"s:15:21:15:Infinity":1,"s:16:20:16:Infinity":2,"s:18:4:21:Infinity":3,"f:26:2:26:12":2,"s:27:4:27:Infinity":4,"f:30:18:30:26":3,"s:31:17:31:Infinity":5,"b:31:24:31:46:31:46:31:48":0,"b:33:4:38:Infinity:undefined:undefined:undefined:undefined":1,"s:33:4:38:Infinity":6,"s:34:6:37:Infinity":7,"s:40:4:40:Infinity":8,"s:42:4:45:Infinity":9,"f:50:2:50:12":4,"s:51:4:51:Infinity":10,"f:54:18:54:26":5,"s:55:17:55:Infinity":11,"b:55:24:55:46:55:46:55:48":2,"b:57:4:62:Infinity:undefined:undefined:undefined:undefined":3,"s:57:4:62:Infinity":12,"s:58:6:61:Infinity":13,"s:64:4:64:Infinity":14,"s:66:4:69:Infinity":15}}},"/Users/ihab/Documents/GitHub/baro-ai/src/telegram/handlers/base-command-handler.ts":{"path":"/Users/ihab/Documents/GitHub/baro-ai/src/telegram/handlers/base-command-handler.ts","statementMap":{"0":{"start":{"line":12,"column":14},"end":{"line":12,"column":null}},"1":{"start":{"line":13,"column":14},"end":{"line":13,"column":null}},"2":{"start":{"line":19,"column":4},"end":{"line":26,"column":null}},"3":{"start":{"line":20,"column":6},"end":{"line":20,"column":null}},"4":{"start":{"line":22,"column":6},"end":{"line":25,"column":null}},"5":{"start":{"line":32,"column":4},"end":{"line":32,"column":null}}},"fnMap":{"0":{"name":"(anonymous_0)","decl":{"start":{"line":11,"column":2},"end":{"line":11,"column":null}},"loc":{"start":{"line":14,"column":4},"end":{"line":14,"column":null}},"line":14},"1":{"name":"(anonymous_1)","decl":{"start":{"line":18,"column":8},"end":{"line":18,"column":15}},"loc":{"start":{"line":18,"column":64},"end":{"line":27,"column":null}},"line":18},"2":{"name":"(anonymous_2)","decl":{"start":{"line":31,"column":18},"end":{"line":31,"column":30}},"loc":{"start":{"line":31,"column":93},"end":{"line":33,"column":null}},"line":31}},"branchMap":{},"s":{"0":4,"1":4,"2":4,"3":4,"4":0,"5":0},"f":{"0":4,"1":4,"2":0},"b":{},"meta":{"lastBranch":0,"lastFunction":3,"lastStatement":6,"seen":{"f:11:2:11:Infinity":0,"s:12:14:12:Infinity":0,"s:13:14:13:Infinity":1,"f:18:8:18:15":1,"s:19:4:26:Infinity":2,"s:20:6:20:Infinity":3,"s:22:6:25:Infinity":4,"f:31:18:31:30":2,"s:32:4:32:Infinity":5}}},"/Users/ihab/Documents/GitHub/baro-ai/src/telegram/handlers/budget-command-handlers.ts":{"path":"/Users/ihab/Documents/GitHub/baro-ai/src/telegram/handlers/budget-command-handlers.ts","statementMap":{"0":{"start":{"line":13,"column":4},"end":{"line":13,"column":null}},"1":{"start":{"line":17,"column":16},"end":{"line":17,"column":null}},"2":{"start":{"line":18,"column":17},"end":{"line":18,"column":null}},"3":{"start":{"line":19,"column":18},"end":{"line":19,"column":null}},"4":{"start":{"line":20,"column":20},"end":{"line":20,"column":null}},"5":{"start":{"line":22,"column":22},"end":{"line":22,"column":null}},"6":{"start":{"line":24,"column":4},"end":{"line":27,"column":null}},"7":{"start":{"line":33,"column":4},"end":{"line":33,"column":null}},"8":{"start":{"line":37,"column":16},"end":{"line":37,"column":null}},"9":{"start":{"line":38,"column":17},"end":{"line":38,"column":null}},"10":{"start":{"line":39,"column":18},"end":{"line":39,"column":null}},"11":{"start":{"line":40,"column":19},"end":{"line":40,"column":null}},"12":{"start":{"line":42,"column":4},"end":{"line":45,"column":null}},"13":{"start":{"line":55,"column":4},"end":{"line":55,"column":null}},"14":{"start":{"line":53,"column":12},"end":{"line":53,"column":null}},"15":{"start":{"line":59,"column":4},"end":{"line":59,"column":null}},"16":{"start":{"line":63,"column":19},"end":{"line":63,"column":null}},"17":{"start":{"line":64,"column":21},"end":{"line":64,"column":null}},"18":{"start":{"line":66,"column":4},"end":{"line":71,"column":null}},"19":{"start":{"line":67,"column":6},"end":{"line":70,"column":null}},"20":{"start":{"line":73,"column":16},"end":{"line":73,"column":null}},"21":{"start":{"line":74,"column":17},"end":{"line":74,"column":null}},"22":{"start":{"line":75,"column":18},"end":{"line":75,"column":null}},"23":{"start":{"line":76,"column":28},"end":{"line":76,"column":null}},"24":{"start":{"line":78,"column":28},"end":{"line":81,"column":null}},"25":{"start":{"line":79,"column":6},"end":{"line":80,"column":null}},"26":{"start":{"line":83,"column":4},"end":{"line":102,"column":null}},"27":{"start":{"line":85,"column":47},"end":{"line":91,"column":null}},"28":{"start":{"line":90,"column":58},"end":{"line":90,"column":72}},"29":{"start":{"line":92,"column":6},"end":{"line":92,"column":null}},"30":{"start":{"line":94,"column":25},"end":{"line":94,"column":null}},"31":{"start":{"line":95,"column":20},"end":{"line":95,"column":null}},"32":{"start":{"line":95,"column":68},"end":{"line":95,"column":96}},"33":{"start":{"line":97,"column":6},"end":{"line":101,"column":null}},"34":{"start":{"line":105,"column":4},"end":{"line":125,"column":null}},"35":{"start":{"line":106,"column":23},"end":{"line":106,"column":null}},"36":{"start":{"line":107,"column":6},"end":{"line":119,"column":null}},"37":{"start":{"line":108,"column":27},"end":{"line":108,"column":null}},"38":{"start":{"line":109,"column":26},"end":{"line":109,"column":null}},"39":{"start":{"line":110,"column":8},"end":{"line":113,"column":null}},"40":{"start":{"line":115,"column":8},"end":{"line":118,"column":null}},"41":{"start":{"line":121,"column":6},"end":{"line":124,"column":null}}},"fnMap":{"0":{"name":"(anonymous_0)","decl":{"start":{"line":12,"column":2},"end":{"line":12,"column":12}},"loc":{"start":{"line":12,"column":53},"end":{"line":14,"column":null}},"line":12},"1":{"name":"(anonymous_1)","decl":{"start":{"line":16,"column":18},"end":{"line":16,"column":26}},"loc":{"start":{"line":16,"column":75},"end":{"line":28,"column":null}},"line":16},"2":{"name":"(anonymous_2)","decl":{"start":{"line":32,"column":2},"end":{"line":32,"column":12}},"loc":{"start":{"line":32,"column":53},"end":{"line":34,"column":null}},"line":32},"3":{"name":"(anonymous_3)","decl":{"start":{"line":36,"column":18},"end":{"line":36,"column":26}},"loc":{"start":{"line":36,"column":75},"end":{"line":46,"column":null}},"line":36},"4":{"name":"(anonymous_4)","decl":{"start":{"line":50,"column":2},"end":{"line":50,"column":null}},"loc":{"start":{"line":54,"column":4},"end":{"line":56,"column":null}},"line":54},"5":{"name":"(anonymous_5)","decl":{"start":{"line":58,"column":2},"end":{"line":58,"column":12}},"loc":{"start":{"line":58,"column":53},"end":{"line":60,"column":null}},"line":58},"6":{"name":"(anonymous_6)","decl":{"start":{"line":62,"column":18},"end":{"line":62,"column":26}},"loc":{"start":{"line":62,"column":75},"end":{"line":126,"column":null}},"line":62},"7":{"name":"(anonymous_7)","decl":{"start":{"line":78,"column":51},"end":{"line":78,"column":52}},"loc":{"start":{"line":79,"column":6},"end":{"line":80,"column":null}},"line":79},"8":{"name":"(anonymous_8)","decl":{"start":{"line":90,"column":45},"end":{"line":90,"column":46}},"loc":{"start":{"line":90,"column":58},"end":{"line":90,"column":72}},"line":90},"9":{"name":"(anonymous_9)","decl":{"start":{"line":95,"column":43},"end":{"line":95,"column":44}},"loc":{"start":{"line":95,"column":68},"end":{"line":95,"column":96}},"line":95}},"branchMap":{"0":{"loc":{"start":{"line":64,"column":21},"end":{"line":64,"column":null}},"type":"cond-expr","locations":[{"start":{"line":64,"column":46},"end":{"line":64,"column":85}},{"start":{"line":64,"column":85},"end":{"line":64,"column":null}}],"line":64},"1":{"loc":{"start":{"line":66,"column":4},"end":{"line":71,"column":null}},"type":"if","locations":[{"start":{"line":66,"column":4},"end":{"line":71,"column":null}},{"start":{},"end":{}}],"line":66},"2":{"loc":{"start":{"line":66,"column":8},"end":{"line":66,"column":32}},"type":"binary-expr","locations":[{"start":{"line":66,"column":8},"end":{"line":66,"column":19}},{"start":{"line":66,"column":19},"end":{"line":66,"column":32}}],"line":66},"3":{"loc":{"start":{"line":79,"column":6},"end":{"line":80,"column":null}},"type":"binary-expr","locations":[{"start":{"line":79,"column":6},"end":{"line":79,"column":null}},{"start":{"line":80,"column":8},"end":{"line":80,"column":21}},{"start":{"line":80,"column":21},"end":{"line":80,"column":38}},{"start":{"line":80,"column":38},"end":{"line":80,"column":50}},{"start":{"line":80,"column":50},"end":{"line":80,"column":null}}],"line":79},"4":{"loc":{"start":{"line":83,"column":4},"end":{"line":102,"column":null}},"type":"if","locations":[{"start":{"line":83,"column":4},"end":{"line":102,"column":null}},{"start":{},"end":{}}],"line":83},"5":{"loc":{"start":{"line":94,"column":25},"end":{"line":94,"column":null}},"type":"binary-expr","locations":[{"start":{"line":94,"column":25},"end":{"line":94,"column":37}},{"start":{"line":94,"column":37},"end":{"line":94,"column":null}}],"line":94},"6":{"loc":{"start":{"line":107,"column":6},"end":{"line":119,"column":null}},"type":"if","locations":[{"start":{"line":107,"column":6},"end":{"line":119,"column":null}},{"start":{"line":114,"column":13},"end":{"line":119,"column":null}}],"line":107},"7":{"loc":{"start":{"line":108,"column":27},"end":{"line":108,"column":null}},"type":"cond-expr","locations":[{"start":{"line":108,"column":38},"end":{"line":108,"column":56}},{"start":{"line":108,"column":56},"end":{"line":108,"column":null}}],"line":108}},"s":{"0":1,"1":1,"2":1,"3":1,"4":1,"5":1,"6":1,"7":0,"8":0,"9":0,"10":0,"11":0,"12":0,"13":0,"14":0,"15":0,"16":0,"17":0,"18":0,"19":0,"20":0,"21":0,"22":0,"23":0,"24":0,"25":0,"26":0,"27":0,"28":0,"29":0,"30":0,"31":0,"32":0,"33":0,"34":0,"35":0,"36":0,"37":0,"38":0,"39":0,"40":0,"41":0},"f":{"0":1,"1":1,"2":0,"3":0,"4":0,"5":0,"6":0,"7":0,"8":0,"9":0},"b":{"0":[0,0],"1":[0,0],"2":[0,0],"3":[0,0,0,0,0],"4":[0,0],"5":[0,0],"6":[0,0],"7":[0,0]},"meta":{"lastBranch":8,"lastFunction":10,"lastStatement":42,"seen":{"f:12:2:12:12":0,"s:13:4:13:Infinity":0,"f:16:18:16:26":1,"s:17:16:17:Infinity":1,"s:18:17:18:Infinity":2,"s:19:18:19:Infinity":3,"s:20:20:20:Infinity":4,"s:22:22:22:Infinity":5,"s:24:4:27:Infinity":6,"f:32:2:32:12":2,"s:33:4:33:Infinity":7,"f:36:18:36:26":3,"s:37:16:37:Infinity":8,"s:38:17:38:Infinity":9,"s:39:18:39:Infinity":10,"s:40:19:40:Infinity":11,"s:42:4:45:Infinity":12,"f:50:2:50:Infinity":4,"s:55:4:55:Infinity":13,"s:53:12:53:Infinity":14,"f:58:2:58:12":5,"s:59:4:59:Infinity":15,"f:62:18:62:26":6,"s:63:19:63:Infinity":16,"s:64:21:64:Infinity":17,"b:64:46:64:85:64:85:64:Infinity":0,"b:66:4:71:Infinity:undefined:undefined:undefined:undefined":1,"s:66:4:71:Infinity":18,"b:66:8:66:19:66:19:66:32":2,"s:67:6:70:Infinity":19,"s:73:16:73:Infinity":20,"s:74:17:74:Infinity":21,"s:75:18:75:Infinity":22,"s:76:28:76:Infinity":23,"s:78:28:81:Infinity":24,"f:78:51:78:52":7,"s:79:6:80:Infinity":25,"b:79:6:79:Infinity:80:8:80:21:80:21:80:38:80:38:80:50:80:50:80:Infinity":3,"b:83:4:102:Infinity:undefined:undefined:undefined:undefined":4,"s:83:4:102:Infinity":26,"s:85:47:91:Infinity":27,"f:90:45:90:46":8,"s:90:58:90:72":28,"s:92:6:92:Infinity":29,"s:94:25:94:Infinity":30,"b:94:25:94:37:94:37:94:Infinity":5,"s:95:20:95:Infinity":31,"f:95:43:95:44":9,"s:95:68:95:96":32,"s:97:6:101:Infinity":33,"s:105:4:125:Infinity":34,"s:106:23:106:Infinity":35,"b:107:6:119:Infinity:114:13:119:Infinity":6,"s:107:6:119:Infinity":36,"s:108:27:108:Infinity":37,"b:108:38:108:56:108:56:108:Infinity":7,"s:109:26:109:Infinity":38,"s:110:8:113:Infinity":39,"s:115:8:118:Infinity":40,"s:121:6:124:Infinity":41}}},"/Users/ihab/Documents/GitHub/baro-ai/src/agent/expense-tracker.ts":{"path":"/Users/ihab/Documents/GitHub/baro-ai/src/agent/expense-tracker.ts","statementMap":{"0":{"start":{"line":30,"column":4},"end":{"line":30,"column":null}},"1":{"start":{"line":31,"column":4},"end":{"line":31,"column":null}},"2":{"start":{"line":32,"column":4},"end":{"line":32,"column":null}},"3":{"start":{"line":33,"column":4},"end":{"line":33,"column":null}},"4":{"start":{"line":34,"column":4},"end":{"line":34,"column":null}},"5":{"start":{"line":35,"column":4},"end":{"line":35,"column":null}},"6":{"start":{"line":39,"column":4},"end":{"line":46,"column":null}},"7":{"start":{"line":50,"column":4},"end":{"line":57,"column":null}},"8":{"start":{"line":66,"column":4},"end":{"line":66,"column":null}},"9":{"start":{"line":67,"column":4},"end":{"line":67,"column":null}},"10":{"start":{"line":71,"column":24},"end":{"line":71,"column":null}},"11":{"start":{"line":72,"column":4},"end":{"line":72,"column":null}},"12":{"start":{"line":73,"column":4},"end":{"line":73,"column":null}},"13":{"start":{"line":74,"column":4},"end":{"line":74,"column":null}},"14":{"start":{"line":78,"column":24},"end":{"line":78,"column":null}},"15":{"start":{"line":79,"column":4},"end":{"line":79,"column":null}},"16":{"start":{"line":80,"column":4},"end":{"line":80,"column":null}},"17":{"start":{"line":81,"column":4},"end":{"line":81,"column":null}},"18":{"start":{"line":85,"column":4},"end":{"line":85,"column":null}},"19":{"start":{"line":89,"column":4},"end":{"line":91,"column":null}},"20":{"start":{"line":90,"column":22},"end":{"line":90,"column":67}},"21":{"start":{"line":95,"column":4},"end":{"line":95,"column":null}},"22":{"start":{"line":95,"column":41},"end":{"line":95,"column":64}},"23":{"start":{"line":99,"column":4},"end":{"line":102,"column":null}},"24":{"start":{"line":101,"column":47},"end":{"line":101,"column":57}},"25":{"start":{"line":106,"column":4},"end":{"line":106,"column":null}},"26":{"start":{"line":107,"column":4},"end":{"line":107,"column":null}},"27":{"start":{"line":107,"column":51},"end":{"line":107,"column":74}},"28":{"start":{"line":112,"column":19},"end":{"line":112,"column":null}},"29":{"start":{"line":112,"column":57},"end":{"line":112,"column":102}},"30":{"start":{"line":113,"column":20},"end":{"line":113,"column":null}},"31":{"start":{"line":114,"column":17},"end":{"line":121,"column":null}},"32":{"start":{"line":114,"column":40},"end":{"line":121,"column":42}},"33":{"start":{"line":121,"column":19},"end":{"line":121,"column":31}},"34":{"start":{"line":122,"column":4},"end":{"line":122,"column":null}},"35":{"start":{"line":122,"column":29},"end":{"line":122,"column":37}},"36":{"start":{"line":126,"column":21},"end":{"line":128,"column":null}},"37":{"start":{"line":127,"column":19},"end":{"line":127,"column":89}},"38":{"start":{"line":128,"column":22},"end":{"line":128,"column":67}},"39":{"start":{"line":129,"column":4},"end":{"line":129,"column":null}},"40":{"start":{"line":129,"column":31},"end":{"line":129,"column":null}},"41":{"start":{"line":130,"column":20},"end":{"line":130,"column":null}},"42":{"start":{"line":131,"column":17},"end":{"line":138,"column":null}},"43":{"start":{"line":131,"column":35},"end":{"line":138,"column":42}},"44":{"start":{"line":138,"column":19},"end":{"line":138,"column":31}},"45":{"start":{"line":139,"column":4},"end":{"line":139,"column":null}},"46":{"start":{"line":139,"column":29},"end":{"line":139,"column":37}}},"fnMap":{"0":{"name":"(anonymous_0)","decl":{"start":{"line":22,"column":2},"end":{"line":22,"column":null}},"loc":{"start":{"line":29,"column":4},"end":{"line":36,"column":null}},"line":29},"1":{"name":"(anonymous_1)","decl":{"start":{"line":38,"column":2},"end":{"line":38,"column":28}},"loc":{"start":{"line":38,"column":28},"end":{"line":47,"column":null}},"line":38},"2":{"name":"(anonymous_2)","decl":{"start":{"line":49,"column":9},"end":{"line":49,"column":18}},"loc":{"start":{"line":49,"column":54},"end":{"line":58,"column":null}},"line":49},"3":{"name":"(anonymous_3)","decl":{"start":{"line":65,"column":2},"end":{"line":65,"column":14}},"loc":{"start":{"line":65,"column":44},"end":{"line":68,"column":null}},"line":65},"4":{"name":"(anonymous_4)","decl":{"start":{"line":70,"column":2},"end":{"line":70,"column":12}},"loc":{"start":{"line":70,"column":81},"end":{"line":75,"column":null}},"line":70},"5":{"name":"(anonymous_5)","decl":{"start":{"line":77,"column":2},"end":{"line":77,"column":13}},"loc":{"start":{"line":77,"column":82},"end":{"line":82,"column":null}},"line":77},"6":{"name":"(anonymous_6)","decl":{"start":{"line":84,"column":2},"end":{"line":84,"column":23}},"loc":{"start":{"line":84,"column":23},"end":{"line":86,"column":null}},"line":84},"7":{"name":"(anonymous_7)","decl":{"start":{"line":88,"column":2},"end":{"line":88,"column":24}},"loc":{"start":{"line":88,"column":59},"end":{"line":92,"column":null}},"line":88},"8":{"name":"(anonymous_8)","decl":{"start":{"line":90,"column":12},"end":{"line":90,"column":13}},"loc":{"start":{"line":90,"column":22},"end":{"line":90,"column":67}},"line":90},"9":{"name":"(anonymous_9)","decl":{"start":{"line":94,"column":2},"end":{"line":94,"column":28}},"loc":{"start":{"line":94,"column":61},"end":{"line":96,"column":null}},"line":94},"10":{"name":"(anonymous_10)","decl":{"start":{"line":95,"column":36},"end":{"line":95,"column":41}},"loc":{"start":{"line":95,"column":41},"end":{"line":95,"column":64}},"line":95},"11":{"name":"(anonymous_11)","decl":{"start":{"line":98,"column":2},"end":{"line":98,"column":11}},"loc":{"start":{"line":98,"column":11},"end":{"line":103,"column":null}},"line":98},"12":{"name":"(anonymous_12)","decl":{"start":{"line":101,"column":42},"end":{"line":101,"column":47}},"loc":{"start":{"line":101,"column":47},"end":{"line":101,"column":57}},"line":101},"13":{"name":"(anonymous_13)","decl":{"start":{"line":105,"column":2},"end":{"line":105,"column":11}},"loc":{"start":{"line":105,"column":71},"end":{"line":108,"column":null}},"line":105},"14":{"name":"(anonymous_14)","decl":{"start":{"line":107,"column":46},"end":{"line":107,"column":51}},"loc":{"start":{"line":107,"column":51},"end":{"line":107,"column":74}},"line":107},"15":{"name":"(anonymous_15)","decl":{"start":{"line":111,"column":2},"end":{"line":111,"column":24}},"loc":{"start":{"line":111,"column":24},"end":{"line":123,"column":null}},"line":111},"16":{"name":"(anonymous_16)","decl":{"start":{"line":112,"column":47},"end":{"line":112,"column":48}},"loc":{"start":{"line":112,"column":57},"end":{"line":112,"column":102}},"line":112},"17":{"name":"(anonymous_17)","decl":{"start":{"line":114,"column":28},"end":{"line":114,"column":29}},"loc":{"start":{"line":114,"column":40},"end":{"line":121,"column":42}},"line":114},"18":{"name":"(anonymous_18)","decl":{"start":{"line":121,"column":10},"end":{"line":121,"column":19}},"loc":{"start":{"line":121,"column":19},"end":{"line":121,"column":31}},"line":121},"19":{"name":"(anonymous_19)","decl":{"start":{"line":122,"column":24},"end":{"line":122,"column":29}},"loc":{"start":{"line":122,"column":29},"end":{"line":122,"column":37}},"line":122},"20":{"name":"(anonymous_20)","decl":{"start":{"line":125,"column":2},"end":{"line":125,"column":19}},"loc":{"start":{"line":125,"column":56},"end":{"line":140,"column":null}},"line":125},"21":{"name":"(anonymous_21)","decl":{"start":{"line":127,"column":14},"end":{"line":127,"column":19}},"loc":{"start":{"line":127,"column":19},"end":{"line":127,"column":89}},"line":127},"22":{"name":"(anonymous_22)","decl":{"start":{"line":128,"column":12},"end":{"line":128,"column":13}},"loc":{"start":{"line":128,"column":22},"end":{"line":128,"column":67}},"line":128},"23":{"name":"(anonymous_23)","decl":{"start":{"line":131,"column":30},"end":{"line":131,"column":35}},"loc":{"start":{"line":131,"column":35},"end":{"line":138,"column":42}},"line":131},"24":{"name":"(anonymous_24)","decl":{"start":{"line":138,"column":10},"end":{"line":138,"column":19}},"loc":{"start":{"line":138,"column":19},"end":{"line":138,"column":31}},"line":138},"25":{"name":"(anonymous_25)","decl":{"start":{"line":139,"column":24},"end":{"line":139,"column":29}},"loc":{"start":{"line":139,"column":29},"end":{"line":139,"column":37}},"line":139}},"branchMap":{"0":{"loc":{"start":{"line":35,"column":21},"end":{"line":35,"column":null}},"type":"binary-expr","locations":[{"start":{"line":35,"column":21},"end":{"line":35,"column":34}},{"start":{"line":35,"column":34},"end":{"line":35,"column":null}}],"line":35},"1":{"loc":{"start":{"line":65,"column":14},"end":{"line":65,"column":44}},"type":"default-arg","locations":[{"start":{"line":65,"column":39},"end":{"line":65,"column":44}}],"line":65},"2":{"loc":{"start":{"line":88,"column":24},"end":{"line":88,"column":59}},"type":"default-arg","locations":[{"start":{"line":88,"column":40},"end":{"line":88,"column":59}}],"line":88},"3":{"loc":{"start":{"line":120,"column":6},"end":{"line":120,"column":null}},"type":"binary-expr","locations":[{"start":{"line":120,"column":6},"end":{"line":120,"column":20}},{"start":{"line":120,"column":20},"end":{"line":120,"column":null}}],"line":120},"4":{"loc":{"start":{"line":127,"column":19},"end":{"line":127,"column":89}},"type":"binary-expr","locations":[{"start":{"line":127,"column":19},"end":{"line":127,"column":57}},{"start":{"line":127,"column":57},"end":{"line":127,"column":89}}],"line":127},"5":{"loc":{"start":{"line":129,"column":4},"end":{"line":129,"column":null}},"type":"if","locations":[{"start":{"line":129,"column":4},"end":{"line":129,"column":null}},{"start":{},"end":{}}],"line":129},"6":{"loc":{"start":{"line":137,"column":6},"end":{"line":137,"column":null}},"type":"binary-expr","locations":[{"start":{"line":137,"column":6},"end":{"line":137,"column":20}},{"start":{"line":137,"column":20},"end":{"line":137,"column":null}}],"line":137}},"s":{"0":38,"1":38,"2":38,"3":38,"4":38,"5":38,"6":1,"7":1,"8":14,"9":14,"10":16,"11":16,"12":16,"13":16,"14":18,"15":18,"16":18,"17":18,"18":14,"19":8,"20":10,"21":8,"22":29,"23":0,"24":0,"25":0,"26":0,"27":0,"28":3,"29":5,"30":3,"31":3,"32":7,"33":42,"34":3,"35":18,"36":0,"37":0,"38":0,"39":0,"40":0,"41":0,"42":0,"43":0,"44":0,"45":0,"46":0},"f":{"0":38,"1":1,"2":3,"3":14,"4":16,"5":18,"6":14,"7":8,"8":10,"9":8,"10":29,"11":0,"12":0,"13":0,"14":0,"15":3,"16":5,"17":7,"18":42,"19":18,"20":0,"21":0,"22":0,"23":0,"24":0,"25":0},"b":{"0":[38,37],"1":[14],"2":[8],"3":[7,0],"4":[0,0],"5":[0,0],"6":[0,0]},"meta":{"lastBranch":7,"lastFunction":26,"lastStatement":47,"seen":{"f:22:2:22:Infinity":0,"s:30:4:30:Infinity":0,"s:31:4:31:Infinity":1,"s:32:4:32:Infinity":2,"s:33:4:33:Infinity":3,"s:34:4:34:Infinity":4,"s:35:4:35:Infinity":5,"b:35:21:35:34:35:34:35:Infinity":0,"f:38:2:38:28":1,"s:39:4:46:Infinity":6,"f:49:9:49:18":2,"s:50:4:57:Infinity":7,"f:65:2:65:14":3,"b:65:39:65:44":1,"s:66:4:66:Infinity":8,"s:67:4:67:Infinity":9,"f:70:2:70:12":4,"s:71:24:71:Infinity":10,"s:72:4:72:Infinity":11,"s:73:4:73:Infinity":12,"s:74:4:74:Infinity":13,"f:77:2:77:13":5,"s:78:24:78:Infinity":14,"s:79:4:79:Infinity":15,"s:80:4:80:Infinity":16,"s:81:4:81:Infinity":17,"f:84:2:84:23":6,"s:85:4:85:Infinity":18,"f:88:2:88:24":7,"b:88:40:88:59":2,"s:89:4:91:Infinity":19,"f:90:12:90:13":8,"s:90:22:90:67":20,"f:94:2:94:28":9,"s:95:4:95:Infinity":21,"f:95:36:95:41":10,"s:95:41:95:64":22,"f:98:2:98:11":11,"s:99:4:102:Infinity":23,"f:101:42:101:47":12,"s:101:47:101:57":24,"f:105:2:105:11":13,"s:106:4:106:Infinity":25,"s:107:4:107:Infinity":26,"f:107:46:107:51":14,"s:107:51:107:74":27,"f:111:2:111:24":15,"s:112:19:112:Infinity":28,"f:112:47:112:48":16,"s:112:57:112:102":29,"s:113:20:113:Infinity":30,"s:114:17:121:Infinity":31,"f:114:28:114:29":17,"s:114:40:121:42":32,"b:120:6:120:20:120:20:120:Infinity":3,"f:121:10:121:19":18,"s:121:19:121:31":33,"s:122:4:122:Infinity":34,"f:122:24:122:29":19,"s:122:29:122:37":35,"f:125:2:125:19":20,"s:126:21:128:Infinity":36,"f:127:14:127:19":21,"s:127:19:127:89":37,"b:127:19:127:57:127:57:127:89":4,"f:128:12:128:13":22,"s:128:22:128:67":38,"b:129:4:129:Infinity:undefined:undefined:undefined:undefined":5,"s:129:4:129:Infinity":39,"s:129:31:129:Infinity":40,"s:130:20:130:Infinity":41,"s:131:17:138:Infinity":42,"f:131:30:131:35":23,"s:131:35:138:42":43,"b:137:6:137:20:137:20:137:Infinity":6,"f:138:10:138:19":24,"s:138:19:138:31":44,"s:139:4:139:Infinity":45,"f:139:24:139:29":25,"s:139:29:139:37":46}}},"/Users/ihab/Documents/GitHub/baro-ai/src/agent/persisted-tracker.ts":{"path":"/Users/ihab/Documents/GitHub/baro-ai/src/agent/persisted-tracker.ts","statementMap":{"0":{"start":{"line":15,"column":28},"end":{"line":15,"column":null}},"1":{"start":{"line":16,"column":46},"end":{"line":16,"column":null}},"2":{"start":{"line":17,"column":30},"end":{"line":17,"column":null}},"3":{"start":{"line":19,"column":35},"end":{"line":19,"column":null}},"4":{"start":{"line":22,"column":4},"end":{"line":22,"column":null}},"5":{"start":{"line":24,"column":4},"end":{"line":24,"column":null}},"6":{"start":{"line":25,"column":4},"end":{"line":25,"column":null}},"7":{"start":{"line":33,"column":4},"end":{"line":33,"column":null}},"8":{"start":{"line":33,"column":29},"end":{"line":33,"column":null}},"9":{"start":{"line":34,"column":4},"end":{"line":75,"column":null}},"10":{"start":{"line":35,"column":6},"end":{"line":74,"column":null}},"11":{"start":{"line":36,"column":30},"end":{"line":41,"column":null}},"12":{"start":{"line":43,"column":6},"end":{"line":46,"column":null}},"13":{"start":{"line":44,"column":8},"end":{"line":44,"column":null}},"14":{"start":{"line":45,"column":8},"end":{"line":45,"column":null}},"15":{"start":{"line":48,"column":6},"end":{"line":58,"column":null}},"16":{"start":{"line":48,"column":69},"end":{"line":58,"column":8}},"17":{"start":{"line":61,"column":6},"end":{"line":64,"column":null}},"18":{"start":{"line":62,"column":18},"end":{"line":62,"column":null}},"19":{"start":{"line":63,"column":8},"end":{"line":63,"column":null}},"20":{"start":{"line":66,"column":6},"end":{"line":66,"column":null}},"21":{"start":{"line":67,"column":6},"end":{"line":67,"column":null}},"22":{"start":{"line":69,"column":6},"end":{"line":69,"column":null}},"23":{"start":{"line":71,"column":6},"end":{"line":71,"column":null}},"24":{"start":{"line":73,"column":6},"end":{"line":73,"column":null}},"25":{"start":{"line":76,"column":4},"end":{"line":76,"column":null}},"26":{"start":{"line":80,"column":4},"end":{"line":80,"column":null}},"27":{"start":{"line":80,"column":23},"end":{"line":80,"column":null}},"28":{"start":{"line":81,"column":4},"end":{"line":81,"column":null}},"29":{"start":{"line":85,"column":4},"end":{"line":85,"column":null}},"30":{"start":{"line":89,"column":20},"end":{"line":89,"column":null}},"31":{"start":{"line":90,"column":4},"end":{"line":90,"column":null}},"32":{"start":{"line":91,"column":4},"end":{"line":91,"column":null}},"33":{"start":{"line":95,"column":20},"end":{"line":95,"column":null}},"34":{"start":{"line":96,"column":4},"end":{"line":115,"column":null}},"35":{"start":{"line":97,"column":30},"end":{"line":102,"column":null}},"36":{"start":{"line":103,"column":6},"end":{"line":105,"column":null}},"37":{"start":{"line":104,"column":8},"end":{"line":104,"column":null}},"38":{"start":{"line":106,"column":6},"end":{"line":112,"column":null}},"39":{"start":{"line":107,"column":38},"end":{"line":107,"column":null}},"40":{"start":{"line":108,"column":34},"end":{"line":108,"column":null}},"41":{"start":{"line":109,"column":8},"end":{"line":111,"column":null}},"42":{"start":{"line":110,"column":10},"end":{"line":110,"column":null}},"43":{"start":{"line":114,"column":6},"end":{"line":114,"column":null}},"44":{"start":{"line":119,"column":4},"end":{"line":141,"column":null}},"45":{"start":{"line":120,"column":30},"end":{"line":124,"column":null}},"46":{"start":{"line":125,"column":6},"end":{"line":131,"column":null}},"47":{"start":{"line":126,"column":8},"end":{"line":126,"column":null}},"48":{"start":{"line":128,"column":20},"end":{"line":128,"column":null}},"49":{"start":{"line":129,"column":8},"end":{"line":129,"column":null}},"50":{"start":{"line":129,"column":40},"end":{"line":129,"column":81}},"51":{"start":{"line":130,"column":8},"end":{"line":130,"column":null}},"52":{"start":{"line":132,"column":12},"end":{"line":132,"column":null}},"53":{"start":{"line":132,"column":56},"end":{"line":132,"column":62}},"54":{"start":{"line":133,"column":6},"end":{"line":133,"column":null}},"55":{"start":{"line":133,"column":35},"end":{"line":133,"column":null}},"56":{"start":{"line":134,"column":6},"end":{"line":134,"column":null}},"57":{"start":{"line":136,"column":18},"end":{"line":136,"column":null}},"58":{"start":{"line":137,"column":6},"end":{"line":137,"column":null}},"59":{"start":{"line":137,"column":38},"end":{"line":137,"column":79}},"60":{"start":{"line":138,"column":19},"end":{"line":138,"column":null}},"61":{"start":{"line":139,"column":6},"end":{"line":139,"column":null}},"62":{"start":{"line":139,"column":34},"end":{"line":139,"column":null}},"63":{"start":{"line":140,"column":6},"end":{"line":140,"column":null}},"64":{"start":{"line":145,"column":10},"end":{"line":145,"column":null}},"65":{"start":{"line":146,"column":4},"end":{"line":146,"column":null}},"66":{"start":{"line":147,"column":24},"end":{"line":147,"column":null}},"67":{"start":{"line":148,"column":4},"end":{"line":148,"column":null}},"68":{"start":{"line":151,"column":15},"end":{"line":151,"column":null}},"69":{"start":{"line":153,"column":17},"end":{"line":153,"column":null}},"70":{"start":{"line":154,"column":4},"end":{"line":154,"column":null}},"71":{"start":{"line":156,"column":4},"end":{"line":156,"column":null}},"72":{"start":{"line":160,"column":10},"end":{"line":160,"column":null}},"73":{"start":{"line":161,"column":4},"end":{"line":161,"column":null}},"74":{"start":{"line":162,"column":24},"end":{"line":162,"column":null}},"75":{"start":{"line":163,"column":4},"end":{"line":163,"column":null}},"76":{"start":{"line":166,"column":15},"end":{"line":166,"column":null}},"77":{"start":{"line":168,"column":17},"end":{"line":168,"column":null}},"78":{"start":{"line":169,"column":4},"end":{"line":169,"column":null}},"79":{"start":{"line":171,"column":4},"end":{"line":171,"column":null}},"80":{"start":{"line":175,"column":4},"end":{"line":201,"column":null}},"81":{"start":{"line":176,"column":34},"end":{"line":184,"column":null}},"82":{"start":{"line":186,"column":30},"end":{"line":190,"column":null}},"83":{"start":{"line":192,"column":6},"end":{"line":195,"column":null}},"84":{"start":{"line":193,"column":8},"end":{"line":193,"column":null}},"85":{"start":{"line":194,"column":8},"end":{"line":194,"column":null}},"86":{"start":{"line":197,"column":6},"end":{"line":197,"column":null}},"87":{"start":{"line":199,"column":6},"end":{"line":199,"column":null}},"88":{"start":{"line":200,"column":6},"end":{"line":200,"column":null}},"89":{"start":{"line":205,"column":4},"end":{"line":238,"column":null}},"90":{"start":{"line":206,"column":24},"end":{"line":206,"column":null}},"91":{"start":{"line":206,"column":60},"end":{"line":206,"column":74}},"92":{"start":{"line":207,"column":6},"end":{"line":207,"column":null}},"93":{"start":{"line":207,"column":28},"end":{"line":207,"column":null}},"94":{"start":{"line":209,"column":19},"end":{"line":209,"column":null}},"95":{"start":{"line":210,"column":26},"end":{"line":210,"column":null}},"96":{"start":{"line":213,"column":6},"end":{"line":217,"column":null}},"97":{"start":{"line":214,"column":8},"end":{"line":214,"column":null}},"98":{"start":{"line":216,"column":8},"end":{"line":216,"column":null}},"99":{"start":{"line":220,"column":6},"end":{"line":220,"column":null}},"100":{"start":{"line":223,"column":24},"end":{"line":227,"column":null}},"101":{"start":{"line":229,"column":6},"end":{"line":232,"column":null}},"102":{"start":{"line":230,"column":8},"end":{"line":230,"column":null}},"103":{"start":{"line":231,"column":8},"end":{"line":231,"column":null}},"104":{"start":{"line":234,"column":6},"end":{"line":234,"column":null}},"105":{"start":{"line":236,"column":6},"end":{"line":236,"column":null}},"106":{"start":{"line":237,"column":6},"end":{"line":237,"column":null}},"107":{"start":{"line":242,"column":18},"end":{"line":242,"column":null}},"108":{"start":{"line":244,"column":4},"end":{"line":263,"column":null}},"109":{"start":{"line":246,"column":24},"end":{"line":249,"column":null}},"110":{"start":{"line":251,"column":6},"end":{"line":253,"column":null}},"111":{"start":{"line":252,"column":8},"end":{"line":252,"column":null}},"112":{"start":{"line":256,"column":6},"end":{"line":256,"column":null}},"113":{"start":{"line":257,"column":6},"end":{"line":257,"column":null}},"114":{"start":{"line":259,"column":6},"end":{"line":259,"column":null}},"115":{"start":{"line":261,"column":6},"end":{"line":261,"column":null}},"116":{"start":{"line":262,"column":6},"end":{"line":262,"column":null}},"117":{"start":{"line":272,"column":30},"end":{"line":272,"column":null}},"118":{"start":{"line":273,"column":18},"end":{"line":273,"column":null}},"119":{"start":{"line":275,"column":4},"end":{"line":277,"column":null}},"120":{"start":{"line":276,"column":6},"end":{"line":276,"column":null}},"121":{"start":{"line":279,"column":4},"end":{"line":316,"column":null}},"122":{"start":{"line":281,"column":30},"end":{"line":281,"column":null}},"123":{"start":{"line":282,"column":6},"end":{"line":289,"column":null}},"124":{"start":{"line":283,"column":18},"end":{"line":283,"column":null}},"125":{"start":{"line":284,"column":8},"end":{"line":288,"column":null}},"126":{"start":{"line":285,"column":10},"end":{"line":285,"column":null}},"127":{"start":{"line":287,"column":10},"end":{"line":287,"column":null}},"128":{"start":{"line":292,"column":26},"end":{"line":292,"column":null}},"129":{"start":{"line":292,"column":64},"end":{"line":292,"column":71}},"130":{"start":{"line":293,"column":6},"end":{"line":293,"column":null}},"131":{"start":{"line":293,"column":59},"end":{"line":293,"column":84}},"132":{"start":{"line":294,"column":6},"end":{"line":294,"column":null}},"133":{"start":{"line":298,"column":24},"end":{"line":298,"column":null}},"134":{"start":{"line":299,"column":22},"end":{"line":299,"column":null}},"135":{"start":{"line":301,"column":24},"end":{"line":306,"column":null}},"136":{"start":{"line":308,"column":6},"end":{"line":310,"column":null}},"137":{"start":{"line":309,"column":8},"end":{"line":309,"column":null}},"138":{"start":{"line":312,"column":6},"end":{"line":312,"column":null}},"139":{"start":{"line":314,"column":6},"end":{"line":314,"column":null}},"140":{"start":{"line":315,"column":6},"end":{"line":315,"column":null}},"141":{"start":{"line":320,"column":4},"end":{"line":320,"column":null}},"142":{"start":{"line":320,"column":42},"end":{"line":320,"column":56}},"143":{"start":{"line":324,"column":4},"end":{"line":324,"column":null}},"144":{"start":{"line":328,"column":4},"end":{"line":330,"column":null}},"145":{"start":{"line":329,"column":22},"end":{"line":329,"column":91}},"146":{"start":{"line":334,"column":4},"end":{"line":334,"column":null}},"147":{"start":{"line":334,"column":44},"end":{"line":334,"column":82}},"148":{"start":{"line":338,"column":23},"end":{"line":338,"column":null}},"149":{"start":{"line":339,"column":4},"end":{"line":343,"column":null}},"150":{"start":{"line":340,"column":6},"end":{"line":342,"column":null}},"151":{"start":{"line":341,"column":8},"end":{"line":341,"column":null}},"152":{"start":{"line":344,"column":4},"end":{"line":344,"column":null}},"153":{"start":{"line":348,"column":30},"end":{"line":348,"column":null}},"154":{"start":{"line":349,"column":24},"end":{"line":349,"column":null}},"155":{"start":{"line":351,"column":4},"end":{"line":365,"column":null}},"156":{"start":{"line":352,"column":16},"end":{"line":352,"column":null}},"157":{"start":{"line":353,"column":18},"end":{"line":353,"column":null}},"158":{"start":{"line":355,"column":6},"end":{"line":357,"column":null}},"159":{"start":{"line":356,"column":8},"end":{"line":356,"column":null}},"160":{"start":{"line":359,"column":20},"end":{"line":359,"column":null}},"161":{"start":{"line":360,"column":6},"end":{"line":364,"column":null}},"162":{"start":{"line":361,"column":8},"end":{"line":361,"column":null}},"163":{"start":{"line":363,"column":8},"end":{"line":363,"column":null}},"164":{"start":{"line":367,"column":4},"end":{"line":372,"column":null}},"165":{"start":{"line":367,"column":73},"end":{"line":372,"column":6}},"166":{"start":{"line":372,"column":23},"end":{"line":372,"column":56}},"167":{"start":{"line":380,"column":4},"end":{"line":383,"column":null}},"168":{"start":{"line":381,"column":19},"end":{"line":381,"column":null}},"169":{"start":{"line":382,"column":6},"end":{"line":382,"column":null}},"170":{"start":{"line":391,"column":19},"end":{"line":391,"column":null}},"171":{"start":{"line":392,"column":22},"end":{"line":392,"column":null}},"172":{"start":{"line":392,"column":38},"end":{"line":392,"column":null}},"173":{"start":{"line":394,"column":4},"end":{"line":397,"column":null}},"174":{"start":{"line":395,"column":19},"end":{"line":395,"column":null}},"175":{"start":{"line":396,"column":6},"end":{"line":396,"column":null}},"176":{"start":{"line":399,"column":4},"end":{"line":407,"column":null}},"177":{"start":{"line":401,"column":30},"end":{"line":401,"column":null}},"178":{"start":{"line":402,"column":8},"end":{"line":402,"column":null}},"179":{"start":{"line":405,"column":8},"end":{"line":405,"column":null}},"180":{"start":{"line":405,"column":31},"end":{"line":405,"column":null}},"181":{"start":{"line":406,"column":8},"end":{"line":406,"column":null}},"182":{"start":{"line":415,"column":31},"end":{"line":416,"column":null}},"183":{"start":{"line":416,"column":22},"end":{"line":416,"column":91}},"184":{"start":{"line":419,"column":20},"end":{"line":419,"column":null}},"185":{"start":{"line":422,"column":17},"end":{"line":433,"column":null}},"186":{"start":{"line":423,"column":16},"end":{"line":423,"column":null}},"187":{"start":{"line":424,"column":6},"end":{"line":432,"column":null}},"188":{"start":{"line":432,"column":21},"end":{"line":432,"column":33}},"189":{"start":{"line":435,"column":4},"end":{"line":435,"column":null}},"190":{"start":{"line":435,"column":29},"end":{"line":435,"column":37}},"191":{"start":{"line":439,"column":21},"end":{"line":441,"column":null}},"192":{"start":{"line":440,"column":22},"end":{"line":440,"column":122}},"193":{"start":{"line":441,"column":22},"end":{"line":441,"column":91}},"194":{"start":{"line":442,"column":4},"end":{"line":442,"column":null}},"195":{"start":{"line":442,"column":31},"end":{"line":442,"column":null}},"196":{"start":{"line":443,"column":20},"end":{"line":443,"column":null}},"197":{"start":{"line":444,"column":17},"end":{"line":454,"column":null}},"198":{"start":{"line":445,"column":16},"end":{"line":445,"column":null}},"199":{"start":{"line":446,"column":6},"end":{"line":453,"column":null}},"200":{"start":{"line":453,"column":21},"end":{"line":453,"column":33}},"201":{"start":{"line":455,"column":4},"end":{"line":455,"column":null}},"202":{"start":{"line":455,"column":29},"end":{"line":455,"column":37}},"203":{"start":{"line":461,"column":4},"end":{"line":489,"column":null}},"204":{"start":{"line":463,"column":6},"end":{"line":463,"column":null}},"205":{"start":{"line":465,"column":29},"end":{"line":472,"column":null}},"206":{"start":{"line":474,"column":30},"end":{"line":478,"column":null}},"207":{"start":{"line":480,"column":6},"end":{"line":483,"column":null}},"208":{"start":{"line":481,"column":8},"end":{"line":481,"column":null}},"209":{"start":{"line":482,"column":8},"end":{"line":482,"column":null}},"210":{"start":{"line":485,"column":6},"end":{"line":485,"column":null}},"211":{"start":{"line":487,"column":6},"end":{"line":487,"column":null}},"212":{"start":{"line":488,"column":6},"end":{"line":488,"column":null}},"213":{"start":{"line":493,"column":4},"end":{"line":519,"column":null}},"214":{"start":{"line":494,"column":18},"end":{"line":500,"column":null}},"215":{"start":{"line":502,"column":6},"end":{"line":506,"column":null}},"216":{"start":{"line":503,"column":8},"end":{"line":503,"column":null}},"217":{"start":{"line":505,"column":8},"end":{"line":505,"column":null}},"218":{"start":{"line":508,"column":24},"end":{"line":508,"column":null}},"219":{"start":{"line":510,"column":6},"end":{"line":513,"column":null}},"220":{"start":{"line":511,"column":8},"end":{"line":511,"column":null}},"221":{"start":{"line":512,"column":8},"end":{"line":512,"column":null}},"222":{"start":{"line":515,"column":6},"end":{"line":515,"column":null}},"223":{"start":{"line":517,"column":6},"end":{"line":517,"column":null}},"224":{"start":{"line":518,"column":6},"end":{"line":518,"column":null}},"225":{"start":{"line":527,"column":4},"end":{"line":544,"column":null}},"226":{"start":{"line":528,"column":30},"end":{"line":533,"column":null}},"227":{"start":{"line":535,"column":6},"end":{"line":538,"column":null}},"228":{"start":{"line":536,"column":8},"end":{"line":536,"column":null}},"229":{"start":{"line":537,"column":8},"end":{"line":537,"column":null}},"230":{"start":{"line":540,"column":6},"end":{"line":540,"column":null}},"231":{"start":{"line":542,"column":6},"end":{"line":542,"column":null}},"232":{"start":{"line":543,"column":6},"end":{"line":543,"column":null}},"233":{"start":{"line":555,"column":20},"end":{"line":555,"column":null}},"234":{"start":{"line":558,"column":30},"end":{"line":558,"column":null}},"235":{"start":{"line":561,"column":31},"end":{"line":561,"column":null}},"236":{"start":{"line":562,"column":21},"end":{"line":562,"column":null}},"237":{"start":{"line":564,"column":4},"end":{"line":571,"column":null}},"238":{"start":{"line":565,"column":16},"end":{"line":565,"column":null}},"239":{"start":{"line":566,"column":6},"end":{"line":570,"column":null}},"240":{"start":{"line":567,"column":20},"end":{"line":567,"column":null}},"241":{"start":{"line":568,"column":8},"end":{"line":568,"column":null}},"242":{"start":{"line":569,"column":8},"end":{"line":569,"column":null}},"243":{"start":{"line":580,"column":9},"end":{"line":580,"column":null}},"244":{"start":{"line":582,"column":4},"end":{"line":612,"column":null}},"245":{"start":{"line":583,"column":6},"end":{"line":611,"column":null}},"246":{"start":{"line":585,"column":8},"end":{"line":610,"column":null}},"247":{"start":{"line":587,"column":28},"end":{"line":587,"column":null}},"248":{"start":{"line":588,"column":29},"end":{"line":588,"column":null}},"249":{"start":{"line":590,"column":10},"end":{"line":596,"column":null}},"250":{"start":{"line":599,"column":24},"end":{"line":599,"column":null}},"251":{"start":{"line":600,"column":28},"end":{"line":600,"column":null}},"252":{"start":{"line":601,"column":29},"end":{"line":601,"column":null}},"253":{"start":{"line":603,"column":10},"end":{"line":609,"column":null}},"254":{"start":{"line":614,"column":4},"end":{"line":619,"column":null}},"255":{"start":{"line":616,"column":6},"end":{"line":616,"column":null}},"256":{"start":{"line":616,"column":43},"end":{"line":616,"column":null}},"257":{"start":{"line":617,"column":6},"end":{"line":617,"column":null}},"258":{"start":{"line":617,"column":43},"end":{"line":617,"column":null}},"259":{"start":{"line":618,"column":6},"end":{"line":618,"column":null}},"260":{"start":{"line":623,"column":4},"end":{"line":639,"column":null}},"261":{"start":{"line":624,"column":24},"end":{"line":628,"column":null}},"262":{"start":{"line":630,"column":6},"end":{"line":633,"column":null}},"263":{"start":{"line":631,"column":8},"end":{"line":631,"column":null}},"264":{"start":{"line":632,"column":8},"end":{"line":632,"column":null}},"265":{"start":{"line":635,"column":6},"end":{"line":635,"column":null}},"266":{"start":{"line":637,"column":6},"end":{"line":637,"column":null}},"267":{"start":{"line":638,"column":6},"end":{"line":638,"column":null}},"268":{"start":{"line":647,"column":20},"end":{"line":647,"column":null}},"269":{"start":{"line":648,"column":23},"end":{"line":648,"column":null}},"270":{"start":{"line":649,"column":24},"end":{"line":649,"column":null}},"271":{"start":{"line":651,"column":4},"end":{"line":713,"column":null}},"272":{"start":{"line":653,"column":36},"end":{"line":656,"column":null}},"273":{"start":{"line":657,"column":6},"end":{"line":657,"column":null}},"274":{"start":{"line":660,"column":37},"end":{"line":663,"column":null}},"275":{"start":{"line":664,"column":6},"end":{"line":664,"column":null}},"276":{"start":{"line":667,"column":33},"end":{"line":670,"column":null}},"277":{"start":{"line":672,"column":6},"end":{"line":674,"column":null}},"278":{"start":{"line":673,"column":8},"end":{"line":673,"column":null}},"279":{"start":{"line":677,"column":37},"end":{"line":680,"column":null}},"280":{"start":{"line":682,"column":6},"end":{"line":684,"column":null}},"281":{"start":{"line":683,"column":8},"end":{"line":683,"column":null}},"282":{"start":{"line":687,"column":38},"end":{"line":690,"column":null}},"283":{"start":{"line":692,"column":6},"end":{"line":694,"column":null}},"284":{"start":{"line":693,"column":8},"end":{"line":693,"column":null}},"285":{"start":{"line":697,"column":6},"end":{"line":697,"column":null}},"286":{"start":{"line":698,"column":6},"end":{"line":698,"column":null}},"287":{"start":{"line":699,"column":6},"end":{"line":699,"column":null}},"288":{"start":{"line":701,"column":6},"end":{"line":705,"column":null}},"289":{"start":{"line":707,"column":6},"end":{"line":707,"column":null}},"290":{"start":{"line":708,"column":6},"end":{"line":712,"column":null}}},"fnMap":{"0":{"name":"(anonymous_0)","decl":{"start":{"line":21,"column":2},"end":{"line":21,"column":14}},"loc":{"start":{"line":21,"column":30},"end":{"line":26,"column":null}},"line":21},"1":{"name":"(anonymous_1)","decl":{"start":{"line":31,"column":8},"end":{"line":31,"column":42}},"loc":{"start":{"line":31,"column":42},"end":{"line":77,"column":null}},"line":31},"2":{"name":"(anonymous_2)","decl":{"start":{"line":34,"column":27},"end":{"line":34,"column":39}},"loc":{"start":{"line":34,"column":39},"end":{"line":75,"column":7}},"line":34},"3":{"name":"(anonymous_3
[...]
4},"end":{"line":66,"column":null}},{"start":{},"end":{}}],"line":61},"2":{"loc":{"start":{"line":61,"column":8},"end":{"line":61,"column":55}},"type":"binary-expr","locations":[{"start":{"line":61,"column":8},"end":{"line":61,"column":26}},{"start":{"line":61,"column":26},"end":{"line":61,"column":55}}],"line":61},"3":{"loc":{"start":{"line":98,"column":25},"end":{"line":98,"column":49}},"type":"binary-expr","locations":[{"start":{"line":98,"column":25},"end":{"line":98,"column":48}},{"start":{"line":98,"column":48},"end":{"line":98,"column":49}}],"line":98},"4":{"loc":{"start":{"line":102,"column":4},"end":{"line":107,"column":null}},"type":"if","locations":[{"start":{"line":102,"column":4},"end":{"line":107,"column":null}},{"start":{},"end":{}}],"line":102},"5":{"loc":{"start":{"line":102,"column":8},"end":{"line":102,"column":55}},"type":"binary-expr","locations":[{"start":{"line":102,"column":8},"end":{"line":102,"column":26}},{"start":{"line":102,"column":26},"end":{"line":102,"column":55}}],"line":102}},"s":{"0":3,"1":1,"2":1,"3":1,"4":1,"5":1,"6":0,"7":0,"8":0,"9":0,"10":0,"11":0,"12":0,"13":0,"14":0,"15":0,"16":0,"17":0,"18":0,"19":0,"20":0,"21":0,"22":0,"23":0,"24":0,"25":0,"26":0,"27":0,"28":0,"29":0},"f":{"0":3,"1":1,"2":1,"3":1,"4":0,"5":0,"6":0,"7":0,"8":0,"9":0,"10":0,"11":0},"b":{"0":[0,0],"1":[0,0],"2":[0,0],"3":[0,0],"4":[0,0],"5":[0,0]},"meta":{"lastBranch":6,"lastFunction":12,"lastStatement":30,"seen":{"f:10:2:10:12":0,"s:11:4:11:Infinity":0,"f:14:18:14:26":1,"s:15:20:15:Infinity":1,"s:16:4:19:Infinity":2,"f:24:2:24:12":2,"s:25:4:25:Infinity":3,"f:28:18:28:26":3,"s:29:25:29:Infinity":4,"s:30:4:33:Infinity":5,"f:38:2:38:12":4,"s:39:4:39:Infinity":6,"f:42:18:42:26":5,"s:43:19:43:Infinity":7,"s:44:4:47:Infinity":8,"f:52:2:52:12":6,"s:53:4:53:Infinity":9,"f:56:18:56:26":7,"s:57:18:57:Infinity":10,"b:57:25:57:48:57:48:57:49":0,"s:58:19:58:Infinity":11,"s:59:23:59:Infinity":12,"b:61:4:66:Infinity:undefined:undefined:undefined:undefined":1,"s:61:4:66:Infinity":13,"b:61:8:61:26:61:26:61:55":2,"s:62:6:65:Infinity":14,"s:68:26:68:Infinity":15,"s:69:25:69:Infinity":16,"s:71:4:74:Infinity":17,"f:79:2:79:12":8,"s:80:4:80:Infinity":18,"f:83:18:83:26":9,"s:84:23:84:Infinity":19,"s:85:4:88:Infinity":20,"f:93:2:93:12":10,"s:94:4:94:Infinity":21,"f:97:18:97:26":11,"s:98:18:98:Infinity":22,"b:98:25:98:48:98:48:98:49":3,"s:99:19:99:Infinity":23,"s:100:23:100:Infinity":24,"b:102:4:107:Infinity:undefined:undefined:undefined:undefined":4,"s:102:4:107:Infinity":25,"b:102:8:102:26:102:26:102:55":5,"s:103:6:106:Infinity":26,"s:109:26:109:Infinity":27,"s:110:18:110:Infinity":28,"s:112:4:115:Infinity":29}}},"/Users/ihab/Documents/GitHub/baro-ai/src/telegram/services/message-formatter.service.ts":{"path":"/Users/ihab/Documents/GitHub/baro-ai/src/telegram/services/message-formatter.service.ts","statementMap":{"0":{"start":{"line":10,"column":4},"end":{"line":10,"column":null}},"1":{"start":{"line":14,"column":4},"end":{"line":16,"column":null}},"2":{"start":{"line":15,"column":6},"end":{"line":15,"column":null}},"3":{"start":{"line":18,"column":18},"end":{"line":25,"column":null}},"4":{"start":{"line":19,"column":16},"end":{"line":19,"column":null}},"5":{"start":{"line":20,"column":19},"end":{"line":20,"column":null}},"6":{"start":{"line":21,"column":20},"end":{"line":21,"column":null}},"7":{"start":{"line":22,"column":19},"end":{"line":22,"column":null}},"8":{"start":{"line":23,"column":17},"end":{"line":23,"column":null}},"9":{"start":{"line":24,"column":6},"end":{"line":24,"column":null}},"10":{"start":{"line":27,"column":4},"end":{"line":27,"column":null}},"11":{"start":{"line":31,"column":4},"end":{"line":33,"column":null}},"12":{"start":{"line":32,"column":6},"end":{"line":32,"column":null}},"13":{"start":{"line":35,"column":18},"end":{"line":35,"column":null}},"14":{"start":{"line":35,"column":39},"end":{"line":35,"column":60}},"15":{"start":{"line":36,"column":4},"end":{"line":36,"column":null}},"16":{"start":{"line":43,"column":4},"end":{"line":45,"column":null}},"17":{"start":{"line":44,"column":6},"end":{"line":44,"column":null}},"18":{"start":{"line":47,"column":18},"end":{"line":54,"column":null}},"19":{"start":{"line":48,"column":16},"end":{"line":48,"column":null}},"20":{"start":{"line":49,"column":19},"end":{"line":49,"column":null}},"21":{"start":{"line":50,"column":20},"end":{"line":50,"column":null}},"22":{"start":{"line":51,"column":19},"end":{"line":51,"column":null}},"23":{"start":{"line":52,"column":19},"end":{"line":52,"column":null}},"24":{"start":{"line":53,"column":6},"end":{"line":53,"column":null}},"25":{"start":{"line":56,"column":24},"end":{"line":58,"column":null}},"26":{"start":{"line":57,"column":22},"end":{"line":57,"column":56}},"27":{"start":{"line":58,"column":29},"end":{"line":58,"column":60}},"28":{"start":{"line":60,"column":25},"end":{"line":62,"column":null}},"29":{"start":{"line":61,"column":22},"end":{"line":61,"column":57}},"30":{"start":{"line":62,"column":29},"end":{"line":62,"column":60}},"31":{"start":{"line":64,"column":16},"end":{"line":64,"column":null}},"32":{"start":{"line":66,"column":4},"end":{"line":66,"column":null}},"33":{"start":{"line":70,"column":4},"end":{"line":72,"column":null}},"34":{"start":{"line":71,"column":6},"end":{"line":71,"column":null}},"35":{"start":{"line":74,"column":18},"end":{"line":74,"column":null}},"36":{"start":{"line":74,"column":45},"end":{"line":74,"column":63}},"37":{"start":{"line":75,"column":4},"end":{"line":75,"column":null}},"38":{"start":{"line":79,"column":4},"end":{"line":81,"column":null}},"39":{"start":{"line":80,"column":6},"end":{"line":80,"column":null}},"40":{"start":{"line":83,"column":18},"end":{"line":86,"column":null}},"41":{"start":{"line":84,"column":19},"end":{"line":84,"column":null}},"42":{"start":{"line":85,"column":6},"end":{"line":85,"column":null}},"43":{"start":{"line":88,"column":4},"end":{"line":88,"column":null}},"44":{"start":{"line":92,"column":4},"end":{"line":94,"column":null}},"45":{"start":{"line":93,"column":6},"end":{"line":93,"column":null}},"46":{"start":{"line":96,"column":18},"end":{"line":99,"column":null}},"47":{"start":{"line":97,"column":18},"end":{"line":97,"column":null}},"48":{"start":{"line":98,"column":6},"end":{"line":98,"column":null}},"49":{"start":{"line":101,"column":4},"end":{"line":101,"column":null}},"50":{"start":{"line":105,"column":4},"end":{"line":107,"column":null}},"51":{"start":{"line":106,"column":6},"end":{"line":106,"column":null}},"52":{"start":{"line":109,"column":18},"end":{"line":114,"column":null}},"53":{"start":{"line":110,"column":18},"end":{"line":110,"column":null}},"54":{"start":{"line":111,"column":20},"end":{"line":111,"column":null}},"55":{"start":{"line":112,"column":25},"end":{"line":112,"column":null}},"56":{"start":{"line":113,"column":6},"end":{"line":113,"column":null}},"57":{"start":{"line":116,"column":4},"end":{"line":116,"column":null}},"58":{"start":{"line":120,"column":18},"end":{"line":122,"column":null}},"59":{"start":{"line":121,"column":6},"end":{"line":121,"column":null}},"60":{"start":{"line":123,"column":4},"end":{"line":123,"column":null}},"61":{"start":{"line":133,"column":4},"end":{"line":133,"column":null}}},"fnMap":{"0":{"name":"(anonymous_0)","decl":{"start":{"line":9,"column":9},"end":{"line":9,"column":23}},"loc":{"start":{"line":9,"column":48},"end":{"line":11,"column":null}},"line":9},"1":{"name":"(anonymous_1)","decl":{"start":{"line":13,"column":9},"end":{"line":13,"column":23}},"loc":{"start":{"line":13,"column":66},"end":{"line":28,"column":null}},"line":13},"2":{"name":"(anonymous_2)","decl":{"start":{"line":18,"column":35},"end":{"line":18,"column":36}},"loc":{"start":{"line":18,"column":48},"end":{"line":25,"column":5}},"line":18},"3":{"name":"(anonymous_3)","decl":{"start":{"line":30,"column":9},"end":{"line":30,"column":22}},"loc":{"start":{"line":30,"column":63},"end":{"line":37,"column":null}},"line":30},"4":{"name":"(anonymous_4)","decl":{"start":{"line":35,"column":29},"end":{"line":35,"column":30}},"loc":{"start":{"line":35,"column":39},"end":{"line":35,"column":60}},"line":35},"5":{"name":"(anonymous_5)","decl":{"start":{"line":39,"column":9},"end":{"line":39,"column":null}},"loc":{"start":{"line":42,"column":12},"end":{"line":67,"column":null}},"line":42},"6":{"name":"(anonymous_6)","decl":{"start":{"line":47,"column":35},"end":{"line":47,"column":36}},"loc":{"start":{"line":47,"column":48},"end":{"line":54,"column":5}},"line":47},"7":{"name":"(anonymous_7)","decl":{"start":{"line":57,"column":14},"end":{"line":57,"column":22}},"loc":{"start":{"line":57,"column":22},"end":{"line":57,"column":56}},"line":57},"8":{"name":"(anonymous_8)","decl":{"start":{"line":58,"column":14},"end":{"line":58,"column":15}},"loc":{"start":{"line":58,"column":29},"end":{"line":58,"column":60}},"line":58},"9":{"name":"(anonymous_9)","decl":{"start":{"line":61,"column":14},"end":{"line":61,"column":22}},"loc":{"start":{"line":61,"column":22},"end":{"line":61,"column":57}},"line":61},"10":{"name":"(anonymous_10)","decl":{"start":{"line":62,"column":14},"end":{"line":62,"column":15}},"loc":{"start":{"line":62,"column":29},"end":{"line":62,"column":60}},"line":62},"11":{"name":"(anonymous_11)","decl":{"start":{"line":69,"column":9},"end":{"line":69,"column":26}},"loc":{"start":{"line":69,"column":56},"end":{"line":76,"column":null}},"line":69},"12":{"name":"(anonymous_12)","decl":{"start":{"line":74,"column":33},"end":{"line":74,"column":34}},"loc":{"start":{"line":74,"column":45},"end":{"line":74,"column":63}},"line":74},"13":{"name":"(anonymous_13)","decl":{"start":{"line":78,"column":9},"end":{"line":78,"column":29}},"loc":{"start":{"line":78,"column":138},"end":{"line":89,"column":null}},"line":78},"14":{"name":"(anonymous_14)","decl":{"start":{"line":83,"column":28},"end":{"line":83,"column":29}},"loc":{"start":{"line":83,"column":38},"end":{"line":86,"column":5}},"line":83},"15":{"name":"(anonymous_15)","decl":{"start":{"line":91,"column":9},"end":{"line":91,"column":23}},"loc":{"start":{"line":91,"column":126},"end":{"line":102,"column":null}},"line":91},"16":{"name":"(anonymous_16)","decl":{"start":{"line":96,"column":30},"end":{"line":96,"column":35}},"loc":{"start":{"line":96,"column":35},"end":{"line":99,"column":5}},"line":96},"17":{"name":"(anonymous_17)","decl":{"start":{"line":104,"column":9},"end":{"line":104,"column":28}},"loc":{"start":{"line":104,"column":60},"end":{"line":117,"column":null}},"line":104},"18":{"name":"(anonymous_18)","decl":{"start":{"line":109,"column":29},"end":{"line":109,"column":34}},"loc":{"start":{"line":109,"column":34},"end":{"line":114,"column":5}},"line":109},"19":{"name":"(anonymous_19)","decl":{"start":{"line":119,"column":9},"end":{"line":119,"column":24}},"loc":{"start":{"line":119,"column":76},"end":{"line":124,"column":null}},"line":119},"20":{"name":"(anonymous_20)","decl":{"start":{"line":120,"column":31},"end":{"line":120,"column":32}},"loc":{"start":{"line":121,"column":6},"end":{"line":121,"column":null}},"line":121},"21":{"name":"(anonymous_21)","decl":{"start":{"line":126,"column":9},"end":{"line":126,"column":null}},"loc":{"start":{"line":132,"column":12},"end":{"line":134,"column":null}},"line":132}},"branchMap":{"0":{"loc":{"start":{"line":14,"column":4},"end":{"line":16,"column":null}},"type":"if","locations":[{"start":{"line":14,"column":4},"end":{"line":16,"column":null}},{"start":{},"end":{}}],"line":14},"1":{"loc":{"start":{"line":20,"column":19},"end":{"line":20,"column":null}},"type":"cond-expr","locations":[{"start":{"line":20,"column":41},"end":{"line":20,"column":47}},{"start":{"line":20,"column":47},"end":{"line":20,"column":null}}],"line":20},"2":{"loc":{"start":{"line":21,"column":20},"end":{"line":21,"column":null}},"type":"cond-expr","locations":[{"start":{"line":21,"column":42},"end":{"line":21,"column":49}},{"start":{"line":21,"column":49},"end":{"line":21,"column":null}}],"line":21},"3":{"loc":{"start":{"line":22,"column":19},"end":{"line":22,"column":null}},"type":"cond-expr","locations":[{"start":{"line":22,"column":47},"end":{"line":22,"column":88}},{"start":{"line":22,"column":88},"end":{"line":22,"column":null}}],"line":22},"4":{"loc":{"start":{"line":23,"column":17},"end":{"line":23,"column":null}},"type":"cond-expr","locations":[{"start":{"line":23,"column":27},"end":{"line":23,"column":48}},{"start":{"line":23,"column":48},"end":{"line":23,"column":null}}],"line":23},"5":{"loc":{"start":{"line":31,"column":4},"end":{"line":33,"column":null}},"type":"if","locations":[{"start":{"line":31,"column":4},"end":{"line":33,"column":null}},{"start":{},"end":{}}],"line":31},"6":{"loc":{"start":{"line":43,"column":4},"end":{"line":45,"column":null}},"type":"if","locations":[{"start":{"line":43,"column":4},"end":{"line":45,"column":null}},{"start":{},"end":{}}],"line":43},"7":{"loc":{"start":{"line":49,"column":19},"end":{"line":49,"column":null}},"type":"cond-expr","locations":[{"start":{"line":49,"column":41},"end":{"line":49,"column":47}},{"start":{"line":49,"column":47},"end":{"line":49,"column":null}}],"line":49},"8":{"loc":{"start":{"line":50,"column":20},"end":{"line":50,"column":null}},"type":"cond-expr","locations":[{"start":{"line":50,"column":42},"end":{"line":50,"column":49}},{"start":{"line":50,"column":49},"end":{"line":50,"column":null}}],"line":50},"9":{"loc":{"start":{"line":51,"column":19},"end":{"line":51,"column":null}},"type":"cond-expr","locations":[{"start":{"line":51,"column":47},"end":{"line":51,"column":88}},{"start":{"line":51,"column":88},"end":{"line":51,"column":null}}],"line":51},"10":{"loc":{"start":{"line":70,"column":4},"end":{"line":72,"column":null}},"type":"if","locations":[{"start":{"line":70,"column":4},"end":{"line":72,"column":null}},{"start":{},"end":{}}],"line":70},"11":{"loc":{"start":{"line":79,"column":4},"end":{"line":81,"column":null}},"type":"if","locations":[{"start":{"line":79,"column":4},"end":{"line":81,"column":null}},{"start":{},"end":{}}],"line":79},"12":{"loc":{"start":{"line":84,"column":19},"end":{"line":84,"column":null}},"type":"cond-expr","locations":[{"start":{"line":84,"column":32},"end":{"line":84,"column":38}},{"start":{"line":84,"column":38},"end":{"line":84,"column":null}}],"line":84},"13":{"loc":{"start":{"line":92,"column":4},"end":{"line":94,"column":null}},"type":"if","locations":[{"start":{"line":92,"column":4},"end":{"line":94,"column":null}},{"start":{},"end":{}}],"line":92},"14":{"loc":{"start":{"line":97,"column":18},"end":{"line":97,"column":null}},"type":"binary-expr","locations":[{"start":{"line":97,"column":18},"end":{"line":97,"column":32}},{"start":{"line":97,"column":32},"end":{"line":97,"column":null}}],"line":97},"15":{"loc":{"start":{"line":98,"column":71},"end":{"line":98,"column":114}},"type":"cond-expr","locations":[{"start":{"line":98,"column":94},"end":{"line":98,"column":106}},{"start":{"line":98,"column":106},"end":{"line":98,"column":114}}],"line":98},"16":{"loc":{"start":{"line":105,"column":4},"end":{"line":107,"column":null}},"type":"if","locations":[{"start":{"line":105,"column":4},"end":{"line":107,"column":null}},{"start":{},"end":{}}],"line":105},"17":{"loc":{"start":{"line":110,"column":18},"end":{"line":110,"column":null}},"type":"binary-expr","locations":[{"start":{"line":110,"column":18},"end":{"line":110,"column":32}},{"start":{"line":110,"column":32},"end":{"line":110,"column":null}}],"line":110},"18":{"loc":{"start":{"line":111,"column":20},"end":{"line":111,"column":null}},"type":"cond-expr","locations":[{"start":{"line":111,"column":39},"end":{"line":111,"column":45}},{"start":{"line":111,"column":45},"end":{"line":111,"column":null}}],"line":111},"19":{"loc":{"start":{"line":112,"column":25},"end":{"line":112,"column":null}},"type":"cond-expr","locations":[{"start":{"line":112,"column":44},"end":{"line":112,"column":82}},{"start":{"line":112,"column":82},"end":{"line":112,"column":null}}],"line":112},"20":{"loc":{"start":{"line":121,"column":6},"end":{"line":121,"column":null}},"type":"cond-expr","locations":[{"start":{"line":121,"column":32},"end":{"line":121,"column":64}},{"start":{"line":121,"column":64},"end":{"line":121,"column":null}}],"line":121}},"s":{"0":1,"1":1,"2":0,"3":1,"4":1,"5":1,"6":1,"7":1,"8":1,"9":1,"10":1,"11":0,"12":0,"13":0,"14":0,"15":0,"16":0,"17":0,"18":0,"19":0,"20":0,"21":0,"22":0,"23":0,"24":0,"25":0,"26":0,"27":0,"28":0,"29":0,"30":0,"31":0,"32":0,"33":0,"34":0,"35":0,"36":0,"37":0,"38":0,"39":0,"40":0,"41":0,"42":0,"43":0,"44":1,"45":1,"46":0,"47":0,"48":0,"49":0,"50":0,"51":0,"52":0,"53":0,"54":0,"55":0,"56":0,"57":0,"58":1,"59":2,"60":1,"61":0},"f":{"0":1,"1":1,"2":1,"3":1,"4":0,"5":1,"6":0,"7":0,"8":0,"9":0,"10":0,"11":1,"12":0,"13":1,"14":0,"15":1,"16":0,"17":1,"18":0,"19":1,"20":2,"21":1},"b":{"0":[0,1],"1":[1,0],"2":[1,0],"3":[0,1],"4":[1,0],"5":[0,0],"6":[0,0],"7":[0,0],"8":[0,0],"9":[0,0],"10":[0,0],"11":[0,0],"12":[0,0],"13":[1,0],"14":[0,0],"15":[0,0],"16":[0,0],"17":[0,0],"18":[0,0],"19":[0,0],"20":[1,1]},"meta":{"lastBranch":21,"lastFunction":22,"lastStatement":62,"seen":{"f:9:9:9:23":0,"s:10:4:10:Infinity":0,"f:13:9:13:23":1,"b:14:4:16:Infinity:undefined:undefined:undefined:undefined":0,"s:14:4:16:Infinity":1,"s:15:6:15:Infinity":2,"s:18:18:25:Infinity":3,"f:18:35:18:36":2,"s:19:16:19:Infinity":4,"s:20:19:20:Infinity":5,"b:20:41:20:47:20:47:20:Infinity":1,"s:21:20:21:Infinity":6,"b:21:42:21:49:21:49:21:Infinity":2,"s:22:19:22:Infinity":7,"b:22:47:22:88:22:88:22:Infinity":3,"s:23:17:23:Infinity":8,"b:23:27:23:48:23:48:23:Infinity":4,"s:24:6:24:Infinity":9,"s:27:4:27:Infinity":10,"f:30:9:30:22":3,"b:31:4:33:Infinity:undefined:undefined:undefined:undefined":5,"s:31:4:33:Infinity":11,"s:32:6:32:Infinity":12,"s:35:18:35:Infinity":13,"f:35:29:35:30":4,"s:35:39:35:60":14,"s:36:4:36:Infinity":15,"f:39:9:39:Infinity":5,"b:43:4:45:Infinity:undefined:undefined:undefined:undefined":6,"s:43:4:45:Infinity":16,"s:44:6:44:Infinity":17,"s:47:18:54:Infinity":18,"f:47:35:47:36":6,"s:48:16:48:Infinity":19,"s:49:19:49:Infinity":20,"b:49:41:49:47:49:47:49:Infinity":7,"s:50:20:50:Infinity":21,"b:50:42:50:49:50:49:50:Infinity":8,"s:51:19:51:Infinity":22,"b:51:47:51:88:51:88:51:Infinity":9,"s:52:19:52:Infinity":23,"s:53:6:53:Infinity":24,"s:56:24:58:Infinity":25,"f:57:14:57:22":7,"s:57:22:57:56":26,"f:58:14:58:15":8,"s:58:29:58:60":27,"s:60:25:62:Infinity":28,"f:61:14:61:22":9,"s:61:22:61:57":29,"f:62:14:62:15":10,"s:62:29:62:60":30,"s:64:16:64:Infinity":31,"s:66:4:66:Infinity":32,"f:69:9:69:26":11,"b:70:4:72:Infinity:undefined:undefined:undefined:undefined":10,"s:70:4:72:Infinity":33,"s:71:6:71:Infinity":34,"s:74:18:74:Infinity":35,"f:74:33:74:34":12,"s:74:45:74:63":36,"s:75:4:75:Infinity":37,"f:78:9:78:29":13,"b:79:4:81:Infinity:undefined:undefined:undefined:undefined":11,"s:79:4:81:Infinity":38,"s:80:6:80:Infinity":39,"s:83:18:86:Infinity":40,"f:83:28:83:29":14,"s:84:19:84:Infinity":41,"b:84:32:84:38:84:38:84:Infinity":12,"s:85:6:85:Infinity":42,"s:88:4:88:Infinity":43,"f:91:9:91:23":15,"b:92:4:94:Infinity:undefined:undefined:undefined:undefined":13,"s:92:4:94:Infinity":44,"s:93:6:93:Infinity":45,"s:96:18:99:Infinity":46,"f:96:30:96:35":16,"s:97:18:97:Infinity":47,"b:97:18:97:32:97:32:97:Infinity":14,"s:98:6:98:Infinity":48,"b:98:94:98:106:98:106:98:114":15,"s:101:4:101:Infinity":49,"f:104:9:104:28":17,"b:105:4:107:Infinity:undefined:undefined:undefined:undefined":16,"s:105:4:107:Infinity":50,"s:106:6:106:Infinity":51,"s:109:18:114:Infinity":52,"f:109:29:109:34":18,"s:110:18:110:Infinity":53,"b:110:18:110:32:110:32:110:Infinity":17,"s:111:20:111:Infinity":54,"b:111:39:111:45:111:45:111:Infinity":18,"s:112:25:112:Infinity":55,"b:112:44:112:82:112:82:112:Infinity":19,"s:113:6:113:Infinity":56,"s:116:4:116:Infinity":57,"f:119:9:119:24":19,"s:120:18:122:Infinity":58,"f:120:31:120:32":20,"s:121:6:121:Infinity":59,"b:121:32:121:64:121:64:121:Infinity":20,"s:123:4:123:Infinity":60,"f:126:9:126:Infinity":21,"s:133:4:133:Infinity":61}}}}}